This is pdfTeX, Version 3.141592653-2.6-1.40.22 (MiKTeX 21.3) (preloaded format=pdflatex 2021.4.9)  7 FEB 2022 15:20
entering extended mode
**./MasterThesis.tex
(MasterThesis.tex
LaTeX2e <2020-10-01> patch level 4
L3 programming layer <2021-02-18>
(C:\Users\Luka\AppData\Roaming\MiKTeX\2.9\tex/latex/koma-script\scrbook.cls
Document Class: scrbook 2021/03/17 v3.33 KOMA-Script document class (book)
(C:\Users\Luka\AppData\Roaming\MiKTeX\2.9\tex/latex/koma-script\scrkbase.sty
Package: scrkbase 2021/03/17 v3.33 KOMA-Script package (KOMA-Script-dependent b
asics and keyval usage)

(C:\Users\Luka\AppData\Roaming\MiKTeX\2.9\tex/latex/koma-script\scrbase.sty
Package: scrbase 2021/03/17 v3.33 KOMA-Script package (KOMA-Script-independent 
basics and keyval usage)

(C:\Users\Luka\AppData\Roaming\MiKTeX\2.9\tex/latex/koma-script\scrlfile.sty
Package: scrlfile 2021/03/17 v3.33 KOMA-Script package (file load hooks)

(C:\Users\Luka\AppData\Roaming\MiKTeX\2.9\tex/latex/koma-script\scrlfile-hook.s
ty
Package: scrlfile-hook 2021/03/17 v3.33 KOMA-Script package (using LaTeX hooks)


LaTeX3 Info: Defining command \BeforeFile with sig. 'm' on line 61.


LaTeX3 Info: Defining command \AfterFile with sig. 'm' on line 65.


LaTeX3 Info: Defining command \BeforeClass with sig. 'm' on line 69.


LaTeX3 Info: Defining command \BeforePackage with sig. 'm' on line 73.


LaTeX3 Info: Defining command \AfterAtEndOfClass with sig. 'smo+m' on line 83.


LaTeX3 Info: Defining command \AfterAtEndOfPackage with sig. 'smo+m' on line
(LaTeX3)     93.


LaTeX3 Info: Defining command \scrlfile@AfterClass with sig. 'smo+m' on line
(LaTeX3)     173.


LaTeX3 Info: Defining command \AfterClass with sig. '' on line 174.


LaTeX3 Info: Defining command \scrlfile@AfterPackage with sig. 'smo+m' on line
(LaTeX3)     191.


LaTeX3 Info: Defining command \AfterPackage with sig. '' on line 192.


LaTeX3 Info: Defining command \ReplaceInput with sig. '' on line 193.


LaTeX3 Info: Defining command \ReplaceClass with sig. 'mm' on line 196.


LaTeX3 Info: Defining command \ReplacePackage with sig. 'mm' on line 199.


LaTeX3 Info: Defining command \UnReplaceInput with sig. '' on line 200.


LaTeX3 Info: Defining command \UnReplaceClass with sig. 'm' on line 203.


LaTeX3 Info: Defining command \UnReplacePackage with sig. 'mm' on line 206.


LaTeX3 Info: Defining command \PreventPackageFromLoading with sig. 's+om' on
(LaTeX3)     line 234.


LaTeX3 Info: Defining command \StorePreventPackageFromLoading with sig. 'm' on
(LaTeX3)     line 242.


LaTeX3 Info: Defining command \ResetPreventPackageFromLoading with sig. '' on
(LaTeX3)     line 247.


LaTeX3 Info: Defining command \UnPreventPackageFromLoading with sig. 'sm' on
(LaTeX3)     line 261.


LaTeX3 Info: Defining command \BeforeClosingMainAux with sig. 'om' on line
(LaTeX3)     274.


LaTeX3 Info: Defining command \AfterReadingMainAux with sig. 'om' on line 287.


LaTeX3 Info: Defining command \protected@immediate@write with sig. 'm+m+m' on
(LaTeX3)     line 298.

 (C:\Users\Luka\AppData\Roaming\MiKTeX\2.9\tex/latex/koma-script\scrlogo.sty
Package: scrlogo 2021/03/17 v3.33 KOMA-Script package (logo)
))) (D:\Apps\MikTeX\tex/latex/graphics\keyval.sty
Package: keyval 2014/10/28 v1.15 key=value parser (DPC)
\KV@toks@=\toks15
)
Skipping: [2021/05/01] Usage of raw option list on input line 252.
Applying: [0000/00/00] compatibility for LaTeX before 2021/05/01 on input line 
337.
))
(C:\Users\Luka\AppData\Roaming\MiKTeX\2.9\tex/latex/koma-script\tocbasic.sty
Package: tocbasic 2021/03/17 v3.33 KOMA-Script package (handling toc-files)
\scr@dte@tocline@numberwidth=\skip47
\scr@dte@tocline@numbox=\box47
)
Package tocbasic Info: babel extension for `toc' omitted
(tocbasic)             because of missing \bbl@set@language on input line 137.
Class scrbook Info: File `scrsize11pt.clo' used instead of
(scrbook)           file `scrsize11.clo' to setup font sizes on input line 2454
.

(C:\Users\Luka\AppData\Roaming\MiKTeX\2.9\tex/latex/koma-script\scrsize11pt.clo
File: scrsize11pt.clo 2021/03/17 v3.33 KOMA-Script font size class option (11pt
)
) (C:\Users\Luka\AppData\Roaming\MiKTeX\2.9\tex/latex/koma-script\typearea.sty
Package: typearea 2021/03/17 v3.33 KOMA-Script package (type area)
\ta@bcor=\skip48
\ta@div=\count179
\ta@hblk=\skip49
\ta@vblk=\skip50
\ta@temp=\skip51
\footheight=\skip52
Package typearea Info: These are the values describing the layout:
(typearea)             DIV  = 10
(typearea)             BCOR = 0.0pt
(typearea)             \paperwidth      = 597.50793pt
(typearea)              \textwidth      = 418.25555pt
(typearea)              DIV departure   = -6%
(typearea)              \evensidemargin = 47.2316pt
(typearea)              \oddsidemargin  = -12.5192pt
(typearea)             \paperheight     = 845.04694pt
(typearea)              \textheight     = 595.80026pt
(typearea)              \topmargin      = -25.16531pt
(typearea)              \headheight     = 17.0pt
(typearea)              \headsep        = 20.40001pt
(typearea)              \topskip        = 11.0pt
(typearea)              \footskip       = 47.6pt
(typearea)              \baselineskip   = 13.6pt
(typearea)              on input line 1741.
)
\c@part=\count180
\c@chapter=\count181
\c@section=\count182
\c@subsection=\count183
\c@subsubsection=\count184
\c@paragraph=\count185
\c@subparagraph=\count186
\scr@dte@chapter@maxnumwidth=\skip53
Class scrbook Info: using compatibility default `afterindent=bysign'
(scrbook)           for `\chapter on input line 5676.
\scr@dte@section@maxnumwidth=\skip54
Class scrbook Info: using compatibility default `runin=bysign'
(scrbook)           for `\section on input line 5687.
Class scrbook Info: using compatibility default `afterindent=bysign'
(scrbook)           for `\section on input line 5687.
\scr@dte@part@maxnumwidth=\skip55
Class scrbook Info: using compatibility default `afterindent=true'
(scrbook)           for `\part on input line 5696.
\scr@dte@subsection@maxnumwidth=\skip56
Class scrbook Info: using compatibility default `runin=bysign'
(scrbook)           for `\subsection on input line 5706.
Class scrbook Info: using compatibility default `afterindent=bysign'
(scrbook)           for `\subsection on input line 5706.
\scr@dte@subsubsection@maxnumwidth=\skip57
Class scrbook Info: using compatibility default `runin=bysign'
(scrbook)           for `\subsubsection on input line 5716.
Class scrbook Info: using compatibility default `afterindent=bysign'
(scrbook)           for `\subsubsection on input line 5716.
\scr@dte@paragraph@maxnumwidth=\skip58
Class scrbook Info: using compatibility default `runin=bysign'
(scrbook)           for `\paragraph on input line 5727.
Class scrbook Info: using compatibility default `afterindent=bysign'
(scrbook)           for `\paragraph on input line 5727.
\scr@dte@subparagraph@maxnumwidth=\skip59
Class scrbook Info: using compatibility default `runin=bysign'
(scrbook)           for `\subparagraph on input line 5737.
Class scrbook Info: using compatibility default `afterindent=bysign'
(scrbook)           for `\subparagraph on input line 5737.
\abovecaptionskip=\skip60
\belowcaptionskip=\skip61
\c@pti@nb@sid@b@x=\box48
Package tocbasic Info: babel extension for `lof' omitted
(tocbasic)             because of missing \bbl@set@language on input line 6980.

\scr@dte@figure@maxnumwidth=\skip62
\c@figure=\count187
Package tocbasic Info: babel extension for `lot' omitted
(tocbasic)             because of missing \bbl@set@language on input line 7001.

\scr@dte@table@maxnumwidth=\skip63
\c@table=\count188
Class scrbook Info: Redefining `\numberline' on input line 7174.
\bibindent=\dimen138
) (ubonn-thesis.sty
Package: ubonn-thesis 2021/07/01 Version 9.0.0 University of Bonn thesis packag
e
 (D:\Apps\MikTeX\tex/latex/base\ifthen.sty
Package: ifthen 2014/09/29 v1.1c Standard LaTeX ifthen package (DPC)
)
(C:\Users\Luka\AppData\Roaming\MiKTeX\2.9\tex/latex/kvoptions\kvoptions.sty
Package: kvoptions 2020-10-07 v3.14 Key value format for package options (HO)

(C:\Users\Luka\AppData\Roaming\MiKTeX\2.9\tex/generic/ltxcmds\ltxcmds.sty
Package: ltxcmds 2020-05-10 v1.25 LaTeX kernel commands for general use (HO)
)
(C:\Users\Luka\AppData\Roaming\MiKTeX\2.9\tex/generic/kvsetkeys\kvsetkeys.sty
Package: kvsetkeys 2019/12/15 v1.18 Key value parser (HO)
))
ubonn-thesis: texlive is [2017].
ubonn-thesis: setting things up for a Master thesis.
(C:\Users\Luka\AppData\Roaming\MiKTeX\2.9\tex/generic/iftex\iftex.sty
Package: iftex 2020/03/06 v1.0d TeX engine tests
)
(C:\Users\Luka\AppData\Roaming\MiKTeX\2.9\tex/latex/koma-script\scrhack.sty
Package: scrhack 2021/03/17 v3.33 KOMA-Script package (hacking other packages)

(C:\Users\Luka\AppData\Roaming\MiKTeX\2.9\tex/latex/xpatch\xpatch.sty
(C:\Users\Luka\AppData\Roaming\MiKTeX\2.9\tex/latex/l3kernel\expl3.sty
Package: expl3 2021-02-18 L3 programming layer (loader) 

(C:\Users\Luka\AppData\Roaming\MiKTeX\2.9\tex/latex/l3backend\l3backend-pdftex.
def
File: l3backend-pdftex.def 2021-03-18 L3 backend support: PDF output (pdfTeX)
\l__color_backend_stack_int=\count189
\l__pdf_internal_box=\box49
))
Package: xpatch 2020/03/25 v0.3a Extending etoolbox patching commands

(C:\Users\Luka\AppData\Roaming\MiKTeX\2.9\tex/latex/l3packages/xparse\xparse.st
y
(C:\Users\Luka\AppData\Roaming\MiKTeX\2.9\tex/latex/l3packages/xparse\xparse-20
20-10-01.sty
(C:\Users\Luka\AppData\Roaming\MiKTeX\2.9\tex/latex/l3packages/xparse\xparse-ge
neric.tex)))
(C:\Users\Luka\AppData\Roaming\MiKTeX\2.9\tex/latex/etoolbox\etoolbox.sty
Package: etoolbox 2020/10/05 v2.5k e-TeX tools for LaTeX (JAW)
\etb@tempcnta=\count190
)))
ubonn-thesis: using pdflatex and newtx fonts.
(D:\Apps\MikTeX\tex/generic/babel\babel.sty
Package: babel 2021/03/24 3.56 The Babel package

(D:\Apps\MikTeX\tex/generic/babel\babel.def
File: babel.def 2021/03/24 3.56 Babel common definitions
\babel@savecnt=\count191
\U@D=\dimen139
\l@babelnohyphens=\language83

(D:\Apps\MikTeX\tex/generic/babel\txtbabel.def)
\bbl@readstream=\read2
)
\bbl@dirlevel=\count192

*************************************
* Local config file bblopts.cfg used
*
(C:\Users\Luka\AppData\Roaming\MiKTeX\2.9\tex/latex/arabi\bblopts.cfg
File: bblopts.cfg 2005/09/08 v0.1 add Arabic and Farsi to "declared" options of
 babel
)
(D:\Apps\MikTeX\tex/latex/babel-german\ngerman.ldf
Language: ngerman 2021/02/27 v2.13 German support for babel (post-1996 orthogra
phy)

(D:\Apps\MikTeX\tex/latex/babel-german\ngermanb.ldf
Language: ngermanb 2021/02/27 v2.13 German support for babel (post-1996 orthogr
aphy)
Package babel Info: Making " an active character on input line 122.
))
(D:\Apps\MikTeX\tex/latex/babel-english\UKenglish.ldf
Language: UKenglish 2017/06/06 v3.3r English support from the babel system

(D:\Apps\MikTeX\tex/latex/babel-english\english.ldf
Language: english 2017/06/06 v3.3r English support from the babel system
Package babel Info: \l@canadian = using hyphenrules for english
(babel)             (\language0) on input line 102.
Package babel Info: \l@australian = using hyphenrules for ukenglish
(babel)             (\language77) on input line 105.
Package babel Info: \l@newzealand = using hyphenrules for ukenglish
(babel)             (\language77) on input line 108.
)))
(D:\Apps\MikTeX\tex/generic/oberdiek\iflang.sty
Package: iflang 2018/01/21 v1.7 Checks for the current language (HO)

(C:\Users\Luka\AppData\Roaming\MiKTeX\2.9\tex/generic/infwarerr\infwarerr.sty
Package: infwarerr 2019/12/03 v1.5 Providing info/warning/error messages (HO)
)
(C:\Users\Luka\AppData\Roaming\MiKTeX\2.9\tex/generic/pdftexcmds\pdftexcmds.sty
Package: pdftexcmds 2020-06-27 v0.33 Utility functions of pdfTeX for LuaTeX (HO
)
Package pdftexcmds Info: \pdf@primitive is available.
Package pdftexcmds Info: \pdf@ifprimitive is available.
Package pdftexcmds Info: \pdfdraftmode found.
)
Package iflang Info: Naming convention for patterns: babel.
)
ubonn-thesis: current language is UKenglish.
ubonn-thesis: setting language to english.
Class scrbook Info: File `scrsize11pt.clo' used to setup font sizes on input li
ne 262.

(C:\Users\Luka\AppData\Roaming\MiKTeX\2.9\tex/latex/koma-script\scrsize11pt.clo
File: scrsize11pt.clo 2021/03/17 v3.33 KOMA-Script font size class option (11pt
)
)
(C:\Users\Luka\AppData\Roaming\MiKTeX\2.9\tex/latex/koma-script\scrlayer-scrpag
e.sty
Package: scrlayer-scrpage 2021/03/17 v3.33 KOMA-Script package (end user interf
ace for scrlayer)

(C:\Users\Luka\AppData\Roaming\MiKTeX\2.9\tex/latex/koma-script\scrlayer.sty
Package: scrlayer 2021/03/17 v3.33 KOMA-Script package (defining layers and pag
e styles)
Package scrlayer Info: Using already defined \footheight
(scrlayer)             hoping, that this is a length and
(scrlayer)             not only a macro on input line 136.
Package scrlayer Info: patching LaTeX kernel macro \pagestyle on input line 216
2.
)
Package scrlayer-scrpage Info: Makeing stand-alone element `pagehead' from
(scrlayer-scrpage)             alias to `pageheadfoot' on input line 1085.
Package scrlayer-scrpage Info: deactivating warning for font element
(scrlayer-scrpage)             `pagefoot' on input line 1109.
)
Package scrlayer-scrpage Info: auto-selection of `pagestyleset=KOMA-Script'.
Package typearea Info: These are the values describing the layout:
(typearea)             DIV  = 12
(typearea)             BCOR = 0.0pt
(typearea)             \paperwidth      = 597.50793pt
(typearea)              \textwidth      = 448.13095pt
(typearea)              DIV departure   = -14%
(typearea)              \evensidemargin = 27.31467pt
(typearea)              \oddsidemargin  = -22.47766pt
(typearea)             \paperheight     = 845.04694pt
(typearea)              \textheight     = 609.40027pt
(typearea)              \topmargin      = -1.84941pt
(typearea)              \headheight     = 17.0pt
(typearea)              \headsep        = 20.40001pt
(typearea)              \topskip        = 11.0pt
(typearea)              \footskip       = 47.6pt
(typearea)              \baselineskip   = 13.6pt
(typearea)              on input line 282.
\UBNcoveroffset=\skip64

ubonn-thesis: set twoside option true.
Package typearea Info: These are the values describing the layout:
(typearea)             DIV  = 12
(typearea)             BCOR = 0.0pt
(typearea)             \paperwidth      = 597.50793pt
(typearea)              \textwidth      = 448.13095pt
(typearea)              DIV departure   = -14%
(typearea)              \evensidemargin = 27.31467pt
(typearea)              \oddsidemargin  = -22.47766pt
(typearea)             \paperheight     = 845.04694pt
(typearea)              \textheight     = 609.40027pt
(typearea)              \topmargin      = -1.84941pt
(typearea)              \headheight     = 17.0pt
(typearea)              \headsep        = 20.40001pt
(typearea)              \topskip        = 11.0pt
(typearea)              \footskip       = 47.6pt
(typearea)              \baselineskip   = 13.6pt
(typearea)              on input line 296.
ubonn_thesis: apply BCOR correction of 5mm.
Package typearea Info: These are the values describing the layout:
(typearea)             DIV  = 12
(typearea)             BCOR = 14.22636pt
(typearea)             \paperwidth      = 597.50793pt
(typearea)              \textwidth      = 437.46118pt
(typearea)              DIV departure   = -11%
(typearea)              \evensidemargin = 24.9436pt
(typearea)              \oddsidemargin  = -9.43683pt
(typearea)             \paperheight     = 845.04694pt
(typearea)              \textheight     = 609.40027pt
(typearea)              \topmargin      = -1.84941pt
(typearea)              \headheight     = 17.0pt
(typearea)              \headsep        = 20.40001pt
(typearea)              \topskip        = 11.0pt
(typearea)              \footskip       = 47.6pt
(typearea)              \baselineskip   = 13.6pt
(typearea)              on input line 296.
ubonn-thesis: centre cover/title page.
ubonn-thesis: setting fonts for pdflatex.
(D:\Apps\MikTeX\tex/latex/base\inputenc.sty
Package: inputenc 2020/08/01 v1.3d Input encoding file
\inpenc@prehook=\toks16
\inpenc@posthook=\toks17
)
(C:\Users\Luka\AppData\Roaming\MiKTeX\2.9\tex/latex/newtx\newtxtext.sty
Package: newtxtext 2020/09/19 v1.630

`newtxtext' v1.630, 2020/09/19 Text macros taking advantage of TeX-Gyre Termes 
fonts (msharpe)
(C:\Users\Luka\AppData\Roaming\MiKTeX\2.9\tex/latex/fontaxes\fontaxes.sty
Package: fontaxes 2020/07/21 v1.0e Font selection axes
LaTeX Info: Redefining \upshape on input line 29.
LaTeX Info: Redefining \itshape on input line 31.
LaTeX Info: Redefining \slshape on input line 33.
LaTeX Info: Redefining \swshape on input line 35.
LaTeX Info: Redefining \scshape on input line 37.
LaTeX Info: Redefining \sscshape on input line 39.
LaTeX Info: Redefining \ulcshape on input line 41.
LaTeX Info: Redefining \textsw on input line 47.
LaTeX Info: Redefining \textssc on input line 48.
LaTeX Info: Redefining \textulc on input line 49.
)
\ntx@fs=\dimen140

(D:\Apps\MikTeX\tex/latex/xkeyval\xkeyval.sty
Package: xkeyval 2020/11/20 v2.8 package option processing (HA)

(D:\Apps\MikTeX\tex/generic/xkeyval\xkeyval.tex
(D:\Apps\MikTeX\tex/generic/xkeyval\xkvutils.tex
\XKV@toks=\toks18
\XKV@tempa@toks=\toks19
)
\XKV@depth=\count193
File: xkeyval.tex 2014/12/03 v2.7a key=value parser (HA)
))
(C:\Users\Luka\AppData\Roaming\MiKTeX\2.9\tex/latex/xstring\xstring.sty
(C:\Users\Luka\AppData\Roaming\MiKTeX\2.9\tex/generic/xstring\xstring.tex
\integerpart=\count194
\decimalpart=\count195
)
Package: xstring 2019/02/06 v1.83 String manipulations (CT)
)
(D:\Apps\MikTeX\tex/latex/carlisle\scalefnt.sty)
(D:\Apps\MikTeX\tex/latex/base\fontenc.sty
Package: fontenc 2020/08/10 v2.0s Standard LaTeX package
LaTeX Font Info:    Trying to load font information for T1+ntxtlf on input line
 112.

(C:\Users\Luka\AppData\Roaming\MiKTeX\2.9\tex/latex/newtx\t1ntxtlf.fd
File: t1ntxtlf.fd 2015/01/17 v1.0 font definition file for T1/ntx/tlf
)
LaTeX Font Info:    Font shape `T1/ntxtlf/m/n' will be
(Font)              scaled to size 10.95pt on input line 112.
)
(D:\Apps\MikTeX\tex/latex/base\textcomp.sty
Package: textcomp 2020/02/02 v2.0n Standard LaTeX package
LaTeX Font Info:    Changing ? sub-encoding to TS1/0 on input line 75.
)
\ntxt@cntz=\count196
LaTeX Font Info:    Redeclaring math symbol \mathsterling on input line 316.
)
(C:\Users\Luka\AppData\Roaming\MiKTeX\2.9\tex/latex/newtx\newtxmath.sty
Package: newtxmath 2021/03/27 v1.642

`newtxmath' v1.642, 2021/03/27 Math macros based originally on txfonts (msharpe
) (D:\Apps\MikTeX\tex/latex/amsmath\amsmath.sty
Package: amsmath 2020/09/23 v2.17i AMS math features
\@mathmargin=\skip65

For additional information on amsmath, use the `?' option.
(D:\Apps\MikTeX\tex/latex/amsmath\amstext.sty
Package: amstext 2000/06/29 v2.01 AMS text

(D:\Apps\MikTeX\tex/latex/amsmath\amsgen.sty
File: amsgen.sty 1999/11/30 v2.0 generic functions
\@emptytoks=\toks20
\ex@=\dimen141
))
(D:\Apps\MikTeX\tex/latex/amsmath\amsbsy.sty
Package: amsbsy 1999/11/29 v1.2d Bold Symbols
\pmbraise@=\dimen142
)
(D:\Apps\MikTeX\tex/latex/amsmath\amsopn.sty
Package: amsopn 2016/03/08 v2.02 operator names
)
\inf@bad=\count197
LaTeX Info: Redefining \frac on input line 234.
\uproot@=\count198
\leftroot@=\count199
LaTeX Info: Redefining \overline on input line 399.
\classnum@=\count266
\DOTSCASE@=\count267
LaTeX Info: Redefining \ldots on input line 496.
LaTeX Info: Redefining \dots on input line 499.
LaTeX Info: Redefining \cdots on input line 620.
\Mathstrutbox@=\box50
\strutbox@=\box51
\big@size=\dimen143
LaTeX Font Info:    Redeclaring font encoding OML on input line 743.
LaTeX Font Info:    Redeclaring font encoding OMS on input line 744.
\macc@depth=\count268
\c@MaxMatrixCols=\count269
\dotsspace@=\muskip16
\c@parentequation=\count270
\dspbrk@lvl=\count271
\tag@help=\toks21
\row@=\count272
\column@=\count273
\maxfields@=\count274
\andhelp@=\toks22
\eqnshift@=\dimen144
\alignsep@=\dimen145
\tagshift@=\dimen146
\tagwidth@=\dimen147
\totwidth@=\dimen148
\lineht@=\dimen149
\@envbody=\toks23
\multlinegap=\skip66
\multlinetaggap=\skip67
\mathdisplay@stack=\toks24
LaTeX Info: Redefining \[ on input line 2923.
LaTeX Info: Redefining \] on input line 2924.
)
(C:\Users\Luka\AppData\Roaming\MiKTeX\2.9\tex/generic/iftex\ifxetex.sty
Package: ifxetex 2019/10/25 v0.7 ifxetex legacy package. Use iftex instead.
)
(C:\Users\Luka\AppData\Roaming\MiKTeX\2.9\tex/generic/iftex\ifluatex.sty
Package: ifluatex 2019/10/25 v1.5 ifluatex legacy package. Use iftex instead.
)
(D:\Apps\MikTeX\tex/latex/oberdiek\centernot.sty
Package: centernot 2016/05/16 v1.4 Centers the not symbol horizontally (HO)
)
\tx@cntz=\count275

(C:\Users\Luka\AppData\Roaming\MiKTeX\2.9\tex/generic/binhex\binhex.tex)
\tx@Isdigit=\count276
\tx@IsAlNum=\count277
\tx@tA=\toks25
\tx@tB=\toks26
\tx@su=\read3
LaTeX Font Info:    Redeclaring symbol font `operators' on input line 360.
LaTeX Font Info:    Overwriting symbol font `operators' in version `normal'
(Font)                  OT1/cmr/m/n --> OT1/ntxtlf/m/n on input line 360.
LaTeX Font Info:    Overwriting symbol font `operators' in version `bold'
(Font)                  OT1/cmr/bx/n --> OT1/ntxtlf/m/n on input line 360.
LaTeX Font Info:    Overwriting symbol font `operators' in version `bold'
(Font)                  OT1/ntxtlf/m/n --> OT1/ntxtlf/b/n on input line 361.
LaTeX Font Info:    Redeclaring math alphabet \mathsf on input line 369.
LaTeX Font Info:    Overwriting math alphabet `\mathsf' in version `normal'
(Font)                  OT1/cmss/m/n --> T1/qhv/m/n on input line 369.
LaTeX Font Info:    Overwriting math alphabet `\mathsf' in version `bold'
(Font)                  OT1/cmss/bx/n --> T1/qhv/m/n on input line 369.
LaTeX Font Info:    Redeclaring math alphabet \mathit on input line 370.
LaTeX Font Info:    Overwriting math alphabet `\mathit' in version `normal'
(Font)                  OT1/cmr/m/it --> OT1/ntxtlf/m/it on input line 370.
LaTeX Font Info:    Overwriting math alphabet `\mathit' in version `bold'
(Font)                  OT1/cmr/bx/it --> OT1/ntxtlf/m/it on input line 370.
LaTeX Font Info:    Redeclaring math alphabet \mathtt on input line 371.
LaTeX Font Info:    Overwriting math alphabet `\mathtt' in version `normal'
(Font)                  OT1/cmtt/m/n --> T1/ntxtt/m/n on input line 371.
LaTeX Font Info:    Overwriting math alphabet `\mathtt' in version `bold'
(Font)                  OT1/cmtt/m/n --> T1/ntxtt/m/n on input line 371.
LaTeX Font Info:    Redeclaring math alphabet \mathbf on input line 373.
LaTeX Font Info:    Overwriting math alphabet `\mathbf' in version `normal'
(Font)                  OT1/cmr/bx/n --> OT1/ntxtlf/b/n on input line 373.
LaTeX Font Info:    Overwriting math alphabet `\mathbf' in version `bold'
(Font)                  OT1/cmr/bx/n --> OT1/ntxtlf/b/n on input line 373.
LaTeX Font Info:    Overwriting math alphabet `\mathit' in version `bold'
(Font)                  OT1/ntxtlf/m/it --> OT1/ntxtlf/b/it on input line 374.
LaTeX Font Info:    Overwriting math alphabet `\mathsf' in version `bold'
(Font)                  T1/qhv/m/n --> T1/qhv/b/n on input line 375.
LaTeX Font Info:    Overwriting math alphabet `\mathtt' in version `bold'
(Font)                  T1/ntxtt/m/n --> T1/ntxtt/b/n on input line 376.
LaTeX Font Info:    Redeclaring symbol font `letters' on input line 477.
LaTeX Font Info:    Overwriting symbol font `letters' in version `normal'
(Font)                  OML/cmm/m/it --> OML/ntxmi/m/it on input line 477.
LaTeX Font Info:    Overwriting symbol font `letters' in version `bold'
(Font)                  OML/cmm/b/it --> OML/ntxmi/m/it on input line 477.
LaTeX Font Info:    Overwriting symbol font `letters' in version `bold'
(Font)                  OML/ntxmi/m/it --> OML/ntxmi/b/it on input line 478.
\symlettersA=\mathgroup4
LaTeX Font Info:    Overwriting symbol font `lettersA' in version `bold'
(Font)                  U/ntxmia/m/it --> U/ntxmia/b/it on input line 533.
Now handling font encoding LMS ...
... no UTF-8 mapping file for font encoding LMS
LaTeX Font Info:    Redeclaring symbol font `symbols' on input line 554.
LaTeX Font Info:    Encoding `OMS' has changed to `LMS' for symbol font
(Font)              `symbols' in the math version `normal' on input line 554.
LaTeX Font Info:    Overwriting symbol font `symbols' in version `normal'
(Font)                  OMS/cmsy/m/n --> LMS/ntxsy/m/n on input line 554.
LaTeX Font Info:    Encoding `OMS' has changed to `LMS' for symbol font
(Font)              `symbols' in the math version `bold' on input line 554.
LaTeX Font Info:    Overwriting symbol font `symbols' in version `bold'
(Font)                  OMS/cmsy/b/n --> LMS/ntxsy/m/n on input line 554.
LaTeX Font Info:    Overwriting symbol font `symbols' in version `bold'
(Font)                  LMS/ntxsy/m/n --> LMS/ntxsy/b/n on input line 555.
\symAMSm=\mathgroup5
LaTeX Font Info:    Overwriting symbol font `AMSm' in version `bold'
(Font)                  U/ntxsym/m/n --> U/ntxsym/b/n on input line 578.
\symsymbolsC=\mathgroup6
LaTeX Font Info:    Overwriting symbol font `symbolsC' in version `bold'
(Font)                  U/ntxsyc/m/n --> U/ntxsyc/b/n on input line 599.
Now handling font encoding LMX ...
... no UTF-8 mapping file for font encoding LMX
LaTeX Font Info:    Redeclaring symbol font `largesymbols' on input line 612.
LaTeX Font Info:    Encoding `OMX' has changed to `LMX' for symbol font
(Font)              `largesymbols' in the math version `normal' on input line 6
12.
LaTeX Font Info:    Overwriting symbol font `largesymbols' in version `normal'
(Font)                  OMX/cmex/m/n --> LMX/ntxexx/m/n on input line 612.
LaTeX Font Info:    Encoding `OMX' has changed to `LMX' for symbol font
(Font)              `largesymbols' in the math version `bold' on input line 612
.
LaTeX Font Info:    Overwriting symbol font `largesymbols' in version `bold'
(Font)                  OMX/cmex/m/n --> LMX/ntxexx/m/n on input line 612.
LaTeX Font Info:    Overwriting symbol font `largesymbols' in version `bold'
(Font)                  LMX/ntxexx/m/n --> LMX/ntxexx/b/n on input line 613.
\symlargesymbolsTXA=\mathgroup7
LaTeX Font Info:    Overwriting symbol font `largesymbolsTXA' in version `bold'

(Font)                  U/ntxexa/m/n --> U/ntxexa/b/n on input line 627.
\tx@sbptoks=\toks27
LaTeX Font Info:    Redeclaring math delimiter \lfloor on input line 850.
LaTeX Font Info:    Redeclaring math delimiter \rfloor on input line 851.
LaTeX Font Info:    Redeclaring math delimiter \lceil on input line 852.
LaTeX Font Info:    Redeclaring math delimiter \rceil on input line 853.
LaTeX Font Info:    Redeclaring math delimiter \lbrace on input line 854.
LaTeX Font Info:    Redeclaring math delimiter \rbrace on input line 855.
LaTeX Font Info:    Redeclaring math delimiter \langle on input line 856.
LaTeX Font Info:    Redeclaring math delimiter \rangle on input line 858.
LaTeX Font Info:    Redeclaring math delimiter \arrowvert on input line 862.
LaTeX Font Info:    Redeclaring math delimiter \vert on input line 863.
LaTeX Font Info:    Redeclaring math symbol \hbar on input line 909.
LaTeX Font Info:    Redeclaring math accent \dot on input line 934.
LaTeX Font Info:    Redeclaring math accent \ddot on input line 935.
LaTeX Font Info:    Redeclaring math accent \vec on input line 1998.
LaTeX Info: Redefining \Bbbk on input line 2786.
LaTeX Info: Redefining \not on input line 2935.
)
(C:\Users\Luka\AppData\Roaming\MiKTeX\2.9\tex/latex/csquotes\csquotes.sty
Package: csquotes 2021-02-22 v5.2l context-sensitive quotations (JAW)
\csq@reset=\count278
\csq@gtype=\count279
\csq@glevel=\count280
\csq@qlevel=\count281
\csq@maxlvl=\count282
\csq@tshold=\count283
\csq@ltx@everypar=\toks28

(C:\Users\Luka\AppData\Roaming\MiKTeX\2.9\tex/latex/csquotes\csquotes.def
File: csquotes.def 2021-02-22 v5.2l csquotes generic definitions (JAW)
)
Package csquotes Info: Trying to load configuration file 'csquotes.cfg'...
Package csquotes Info: ... configuration file loaded successfully.

(C:\Users\Luka\AppData\Roaming\MiKTeX\2.9\tex/latex/csquotes\csquotes.cfg
File: csquotes.cfg 
)
Package csquotes Info: Enabling multilingual quotes.
)
Package csquotes Info: Redefining alias 'british' -> 'myenglish'.
Package csquotes Info: Redefining alias 'UKenglish' -> 'myenglish'.

(C:\Users\Luka\AppData\Roaming\MiKTeX\2.9\tex/latex/mathtools\mathtools.sty
Package: mathtools 2021/04/12 v1.27 mathematical typesetting tools

(C:\Users\Luka\AppData\Roaming\MiKTeX\2.9\tex/latex/latex-tools\calc.sty
Package: calc 2017/05/25 v4.3 Infix arithmetic (KKT,FJ)
\calc@Acount=\count284
\calc@Bcount=\count285
\calc@Adimen=\dimen150
\calc@Bdimen=\dimen151
\calc@Askip=\skip68
\calc@Bskip=\skip69
LaTeX Info: Redefining \setlength on input line 80.
LaTeX Info: Redefining \addtolength on input line 81.
\calc@Ccount=\count286
\calc@Cskip=\skip70
)
(C:\Users\Luka\AppData\Roaming\MiKTeX\2.9\tex/latex/mathtools\mhsetup.sty
Package: mhsetup 2021/03/18 v1.4 programming setup (MH)
)
LaTeX Info: Thecontrolsequence`\('isalreadyrobust on input line 130.
LaTeX Info: Thecontrolsequence`\)'isalreadyrobust on input line 130.
LaTeX Info: Thecontrolsequence`\['isalreadyrobust on input line 130.
LaTeX Info: Thecontrolsequence`\]'isalreadyrobust on input line 130.
\g_MT_multlinerow_int=\count287
\l_MT_multwidth_dim=\dimen152
\origjot=\skip71
\l_MT_shortvdotswithinadjustabove_dim=\dimen153
\l_MT_shortvdotswithinadjustbelow_dim=\dimen154
\l_MT_above_intertext_sep=\dimen155
\l_MT_below_intertext_sep=\dimen156
\l_MT_above_shortintertext_sep=\dimen157
\l_MT_below_shortintertext_sep=\dimen158
\xmathstrut@box=\box52
\xmathstrut@dim=\dimen159
)
(C:\Users\Luka\AppData\Roaming\MiKTeX\2.9\tex/latex/l3packages/xfrac\xfrac.sty
(D:\Apps\MikTeX\tex/latex/graphics\graphicx.sty
Package: graphicx 2020/09/09 v1.2b Enhanced LaTeX Graphics (DPC,SPQR)

(D:\Apps\MikTeX\tex/latex/graphics\graphics.sty
Package: graphics 2020/08/30 v1.4c Standard LaTeX Graphics (DPC,SPQR)

(D:\Apps\MikTeX\tex/latex/graphics\trig.sty
Package: trig 2016/01/03 v1.10 sin cos tan (DPC)
)
(D:\Apps\MikTeX\tex/latex/graphics-cfg\graphics.cfg
File: graphics.cfg 2016/06/04 v1.11 sample graphics configuration
)
Package graphics Info: Driver file: pdftex.def on input line 105.

(D:\Apps\MikTeX\tex/latex/graphics-def\pdftex.def
File: pdftex.def 2020/10/05 v1.2a Graphics/color driver for pdftex
))
\Gin@req@height=\dimen160
\Gin@req@width=\dimen161
)
(C:\Users\Luka\AppData\Roaming\MiKTeX\2.9\tex/latex/l3packages/l3keys2e\l3keys2
e.sty
Package: l3keys2e 2021-03-12 LaTeX2e option processing using LaTeX3 keys
)
(C:\Users\Luka\AppData\Roaming\MiKTeX\2.9\tex/latex/l3packages/xtemplate\xtempl
ate.sty
Package: xtemplate 2021-03-12 L3 Experimental prototype document functions
\l__xtemplate_tmp_dim=\dimen162
\l__xtemplate_tmp_int=\count288
\l__xtemplate_tmp_muskip=\muskip17
\l__xtemplate_tmp_skip=\skip72
)
Package: xfrac 2021-03-12 L3 Experimental split-level fractions
\l__xfrac_slash_box=\box53
\l__xfrac_tmp_box=\box54
\l__xfrac_denominator_bot_sep_dim=\dimen163
\l__xfrac_numerator_bot_sep_dim=\dimen164
\l__xfrac_numerator_top_sep_dim=\dimen165
\l__xfrac_slash_left_sep_dim=\dimen166
\l__xfrac_slash_right_sep_dim=\dimen167
\l__xfrac_slash_left_muskip=\muskip18
\l__xfrac_slash_right_muskip=\muskip19

Package xtemplate Info: Declaring object type 'xfrac' taking 3 argument(s) on
(xtemplate)             line 80.

)
(C:\Users\Luka\AppData\Roaming\MiKTeX\2.9\tex/latex/siunitx\siunitx.sty
Package: siunitx 2021/03/27 v2.8c A comprehensive (SI) units package

(C:\Users\Luka\AppData\Roaming\MiKTeX\2.9\tex/latex/latex-tools\array.sty
Package: array 2020/10/01 v2.5c Tabular extension package (FMi)
\col@sep=\dimen168
\ar@mcellbox=\box55
\extrarowheight=\dimen169
\NC@list=\toks29
\extratabsurround=\skip73
\backup@length=\skip74
\ar@cellbox=\box56
)
\l__siunitx_tmp_box=\box57
\l__siunitx_tmp_dim=\dimen170
\l__siunitx_tmp_int=\count289
\l__siunitx_number_mantissa_length_int=\count290
\l__siunitx_number_uncert_length_int=\count291
\l__siunitx_round_int=\count292
\l__siunitx_process_decimal_int=\count293
\l__siunitx_process_uncertainty_int=\count294
\l__siunitx_process_fixed_int=\count295
\l__siunitx_process_integer_min_int=\count296
\l__siunitx_process_precision_int=\count297
\l__siunitx_group_min_int=\count298
\l__siunitx_angle_marker_box=\box58
\l__siunitx_angle_unit_box=\box59
\l__siunitx_angle_marker_dim=\dimen171
\l__siunitx_angle_unit_dim=\dimen172
\l__siunitx_unit_int=\count299
\l__siunitx_unit_denominator_int=\count300
\l__siunitx_unit_numerator_int=\count301
\l__siunitx_unit_prefix_int=\count302
\l__siunitx_unit_prefix_base_int=\count303
\l__siunitx_unit_prefix_gram_int=\count304
\l__siunitx_number_product_int=\count305
\c__siunitx_one_fill_skip=\skip75
\l__siunitx_table_unit_align_skip=\skip76
\l__siunitx_table_exponent_dim=\dimen173
\l__siunitx_table_integer_dim=\dimen174
\l__siunitx_table_mantissa_dim=\dimen175
\l__siunitx_table_marker_dim=\dimen176
\l__siunitx_table_result_dim=\dimen177
\l__siunitx_table_uncert_dim=\dimen178
\l__siunitx_table_fill_pre_dim=\dimen179
\l__siunitx_table_fill_post_dim=\dimen180
\l__siunitx_table_fill_mid_dim=\dimen181
\l__siunitx_table_pre_box=\box60
\l__siunitx_table_post_box=\box61
\l__siunitx_table_mantissa_box=\box62
\l__siunitx_table_result_box=\box63
\l__siunitx_table_number_align_skip=\skip77
\l__siunitx_table_text_align_skip=\skip78

(C:\Users\Luka\AppData\Roaming\MiKTeX\2.9\tex/latex/translator\translator.sty
Package: translator 2020-08-03 v1.12c Easy translation of strings in LaTeX
)) (C:\Users\Luka\AppData\Roaming\MiKTeX\2.9\tex/latex/caption\subcaption.sty
Package: subcaption 2020/10/07 v1.3j Sub-captions (AR)

(C:\Users\Luka\AppData\Roaming\MiKTeX\2.9\tex/latex/caption\caption.sty
Package: caption 2020/10/26 v3.5g Customizing captions (AR)

(C:\Users\Luka\AppData\Roaming\MiKTeX\2.9\tex/latex/caption\caption3.sty
Package: caption3 2020/10/21 v2.2e caption3 kernel (AR)
\captionmargin=\dimen182
\captionmargin@=\dimen183
\captionwidth=\dimen184
\caption@tempdima=\dimen185
\caption@indent=\dimen186
\caption@parindent=\dimen187
\caption@hangindent=\dimen188
Package caption Info: KOMA-Script document class detected.

(C:\Users\Luka\AppData\Roaming\MiKTeX\2.9\tex/latex/caption\caption-koma.sto
File: caption-koma.sto 2020/09/21 v2.0b Adaption of the caption package to the 
KOMA-Script document classes (AR)
))
\c@caption@flags=\count306
\c@continuedfloat=\count307
)
\c@subfigure=\count308
\c@subtable=\count309
) (D:\Apps\MikTeX\tex/latex/graphics\rotating.sty
Package: rotating 2016/08/11 v2.16d rotated objects in LaTeX
\c@r@tfl@t=\count310
\rotFPtop=\skip79
\rotFPbot=\skip80
\rot@float@box=\box64
\rot@mess@toks=\toks30
)
(C:\Users\Luka\AppData\Roaming\MiKTeX\2.9\tex/latex/booktabs\booktabs.sty
Package: booktabs 2020/01/12 v1.61803398 Publication quality tables
\heavyrulewidth=\dimen189
\lightrulewidth=\dimen190
\cmidrulewidth=\dimen191
\belowrulesep=\dimen192
\belowbottomsep=\dimen193
\aboverulesep=\dimen194
\abovetopsep=\dimen195
\cmidrulesep=\dimen196
\cmidrulekern=\dimen197
\defaultaddspace=\dimen198
\@cmidla=\count311
\@cmidlb=\count312
\@aboverulesep=\dimen199
\@belowrulesep=\dimen256
\@thisruleclass=\count313
\@lastruleclass=\count314
\@thisrulewidth=\dimen257
)
(C:\Users\Luka\AppData\Roaming\MiKTeX\2.9\tex/latex/latex-tools\longtable.sty
Package: longtable 2020/01/07 v4.13 Multi-page Table package (DPC)
\LTleft=\skip81
\LTright=\skip82
\LTpre=\skip83
\LTpost=\skip84
\LTchunksize=\count315
\LTcapwidth=\dimen258
\LT@head=\box65
\LT@firsthead=\box66
\LT@foot=\box67
\LT@lastfoot=\box68
\LT@cols=\count316
\LT@rows=\count317
\c@LT@tables=\count318
\c@LT@chunks=\count319
\LT@p@ftn=\toks31
)
Class scrbook Info: longtable captions redefined on input line 499.

(C:\Users\Luka\AppData\Roaming\MiKTeX\2.9\tex/latex/hepnames\hepnicenames.sty
Package: hepnicenames 2014/12/01 Friendly alternatives to the PEN particle code
s (version 2.0)

(C:\Users\Luka\AppData\Roaming\MiKTeX\2.9\tex/latex/hepnames\heppennames.sty
Package: heppennames 2014/12/01 Elementary Particle Naming Scheme (version 2.0)


(C:\Users\Luka\AppData\Roaming\MiKTeX\2.9\tex/latex/hepparticles\hepparticles.s
ty
Package: hepparticles 2014/12/01 HEP particle typesetting (v2.0)
 (C:\Users\Luka\AppData\Roaming\MiKTeX\2.9\tex/latex/subdepth\subdepth.sty
Package: subdepth 2007/09/02 v0.1 Unify subscript depths
)
LaTeX Font Info:    Overwriting math alphabet `\mathup' in version `bold'
(Font)                  OT1/ntxtlf/m/n --> T1/ntxtlf/bx/n on input line 110.
LaTeX Font Info:    Overwriting math alphabet `\mathsfup' in version `bold'
(Font)                  OT1/qhv/m/n --> T1/qhv/bx/n on input line 113.
LaTeX Font Info:    Overwriting math alphabet `\mathsfit' in version `bold'
(Font)                  T1/qhv/m/sl --> T1/qhv/bx/sl on input line 116.
)
(C:\Users\Luka\AppData\Roaming\MiKTeX\2.9\tex/latex/latex-tools\xspace.sty
Package: xspace 2014/10/28 v1.13 Space after command names (DPC,MH)
)))
(C:\Users\Luka\AppData\Roaming\MiKTeX\2.9\tex/latex/mhchem\mhchem.sty
Package: mhchem 2018/06/22 v4.08 for typesetting chemical formulae

(C:\Users\Luka\AppData\Roaming\MiKTeX\2.9\tex/latex/chemgreek\chemgreek.sty
Package: chemgreek 2020/01/16 v1.1a interface for upright Greek letters for use
 in chemistry (CN)
\l__chemgreek_tmpa_int=\count320
\g__chemgreek_tmpa_int=\count321
)
\l__mhchem_ce_distanceFromLastComma_int=\count322
\__mhchem_arrow_extPgfLength_skip=\skip85
\mhchem@minispace@tmp=\skip86
\mhchem@minibackspace@tmp=\skip87
\mhchem@bondwidth=\skip88
\mhchem@bondheight=\skip89
\mhchem@smallbondwidth@tmpA=\skip90
\mhchem@smallbondwidth@tmpB=\skip91
\mhchem@smallbondwidth=\skip92
\mhchem@bondtmp@minussidebearingleft=\skip93
\mhchem@bondtmp@minussidebearingright=\skip94
\l__mhchem_option_version_int=\count323
\mhchem@option@minusmathsidebearingleft=\dimen259
\mhchem@option@minusmathsidebearingright=\dimen260
\mhchem@option@minustextsidebearingleft=\dimen261
\mhchem@option@minustextsidebearingright=\dimen262
)
(C:\Users\Luka\AppData\Roaming\MiKTeX\2.9\tex/latex/microtype\microtype.sty
Package: microtype 2021/03/14 v2.8c Micro-typographical refinements (RS)
\MT@toks=\toks32
\MT@count=\count324
LaTeX Info: Redefining \textls on input line 790.
\MT@outer@kern=\dimen263
LaTeX Info: Redefining \textmicrotypecontext on input line 1374.
\MT@listname@count=\count325

(C:\Users\Luka\AppData\Roaming\MiKTeX\2.9\tex/latex/microtype\microtype-pdftex.
def
File: microtype-pdftex.def 2021/03/14 v2.8c Definitions specific to pdftex (RS)

LaTeX Info: Redefining \lsstyle on input line 915.
LaTeX Info: Redefining \lslig on input line 915.
\MT@outer@space=\skip95
)
Package microtype Info: Loading configuration file microtype.cfg.

(C:\Users\Luka\AppData\Roaming\MiKTeX\2.9\tex/latex/microtype\microtype.cfg
File: microtype.cfg 2021/03/14 v2.8c microtype main configuration file (RS)
))
(C:\Users\Luka\AppData\Roaming\MiKTeX\2.9\tex/latex/xcolor\xcolor.sty
Package: xcolor 2016/05/11 v2.12 LaTeX color extensions (UK)

(D:\Apps\MikTeX\tex/latex/graphics-cfg\color.cfg
File: color.cfg 2016/01/02 v1.6 sample color configuration
)
Package xcolor Info: Driver file: pdftex.def on input line 225.
Package xcolor Info: Model `cmy' substituted by `cmy0' on input line 1348.
Package xcolor Info: Model `hsb' substituted by `rgb' on input line 1352.
Package xcolor Info: Model `RGB' extended on input line 1364.
Package xcolor Info: Model `HTML' substituted by `rgb' on input line 1366.
Package xcolor Info: Model `Hsb' substituted by `hsb' on input line 1367.
Package xcolor Info: Model `tHsb' substituted by `hsb' on input line 1368.
Package xcolor Info: Model `HSB' substituted by `hsb' on input line 1369.
Package xcolor Info: Model `Gray' substituted by `gray' on input line 1370.
Package xcolor Info: Model `wave' substituted by `hsb' on input line 1371.

(C:\Users\Luka\AppData\Roaming\MiKTeX\2.9\tex/latex/xcolor\svgnam.def
File: svgnam.def 2016/05/11 v2.12 Predefined colors according to SVG 1.1 (UK)
))
(C:\Users\Luka\AppData\Roaming\MiKTeX\2.9\tex/latex/setspace\setspace.sty
Package: setspace 2011/12/19 v6.7a set line spacing
)
Package scrhack Info: loading setspace hack on input line 618.

(C:\Users\Luka\AppData\Roaming\MiKTeX\2.9\tex/latex/koma-script\setspace.hak
File: setspace.hak 2021/03/17 v3.33 KOMA-Script scrhack part (hacking package s
etspace)
)
(C:\Users\Luka\AppData\Roaming\MiKTeX\2.9\tex/latex/koma-script\scrdate.sty
Package: scrdate 2021/03/17 v3.33 KOMA-Script package (day of the week)
Package scrdate Info: Language naustrian not defined.
(scrdate)             \dayname@naustrian skipped.
Package scrdate Info: Language austrian not defined.
(scrdate)             \dayname@austrian skipped.
Package scrdate Info: Language nswissgerman not defined.
(scrdate)             \dayname@nswissgerman skipped.
Package scrdate Info: Language acadian not defined.
(scrdate)             \dayname@acadian skipped.
Package scrdate Info: Language canadien not defined.
(scrdate)             \dayname@canadien skipped.
)
(C:\Users\Luka\AppData\Roaming\MiKTeX\2.9\tex/latex/koma-script\scrtime.sty
Package: scrtime 2021/03/17 v3.33 KOMA-Script package (time of LaTeX run)
)
(C:\Users\Luka\AppData\Roaming\MiKTeX\2.9\tex/latex/bookmark\bookmark.sty
Package: bookmark 2020-11-06 v1.29 PDF bookmarks (HO)
Package scrhack Info: hyperref hack deactivated because of
(scrhack)             detection of KOMA-Script class, that doesn't
(scrhack)             need that hack, on input line 85.

(D:\Apps\MikTeX\tex/latex/hyperref\hyperref.sty
Package: hyperref 2021-02-27 v7.00k Hypertext links for LaTeX

(C:\Users\Luka\AppData\Roaming\MiKTeX\2.9\tex/generic/kvdefinekeys\kvdefinekeys
.sty
Package: kvdefinekeys 2019-12-19 v1.6 Define keys (HO)
)
(C:\Users\Luka\AppData\Roaming\MiKTeX\2.9\tex/generic/pdfescape\pdfescape.sty
Package: pdfescape 2019/12/09 v1.15 Implements pdfTeX's escape features (HO)
)
(C:\Users\Luka\AppData\Roaming\MiKTeX\2.9\tex/latex/hycolor\hycolor.sty
Package: hycolor 2020-01-27 v1.10 Color options for hyperref/bookmark (HO)
)
(C:\Users\Luka\AppData\Roaming\MiKTeX\2.9\tex/latex/letltxmacro\letltxmacro.sty
Package: letltxmacro 2019/12/03 v1.6 Let assignment for LaTeX macros (HO)
) (C:\Users\Luka\AppData\Roaming\MiKTeX\2.9\tex/latex/auxhook\auxhook.sty
Package: auxhook 2019-12-17 v1.6 Hooks for auxiliary files (HO)
)
\@linkdim=\dimen264
\Hy@linkcounter=\count326
\Hy@pagecounter=\count327

(D:\Apps\MikTeX\tex/latex/hyperref\pd1enc.def
File: pd1enc.def 2021-02-27 v7.00k Hyperref: PDFDocEncoding definition (HO)
Now handling font encoding PD1 ...
... no UTF-8 mapping file for font encoding PD1
)
(D:\Apps\MikTeX\tex/latex/hyperref\hyperref-langpatches.def
File: hyperref-langpatches.def 2021-02-27 v7.00k Hyperref: patches for babel la
nguages
)
(C:\Users\Luka\AppData\Roaming\MiKTeX\2.9\tex/generic/intcalc\intcalc.sty
Package: intcalc 2019/12/15 v1.3 Expandable calculations with integers (HO)
)
(C:\Users\Luka\AppData\Roaming\MiKTeX\2.9\tex/generic/etexcmds\etexcmds.sty
Package: etexcmds 2019/12/15 v1.7 Avoid name clashes with e-TeX commands (HO)
)
\Hy@SavedSpaceFactor=\count328

(D:\Apps\MikTeX\tex/latex/hyperref\puenc.def
File: puenc.def 2021-02-27 v7.00k Hyperref: PDF Unicode definition (HO)
Now handling font encoding PU ...
... no UTF-8 mapping file for font encoding PU
)
Package hyperref Info: Hyper figures OFF on input line 4192.
Package hyperref Info: Link nesting OFF on input line 4197.
Package hyperref Info: Hyper index ON on input line 4200.
Package hyperref Info: Plain pages OFF on input line 4207.
Package hyperref Info: Backreferencing OFF on input line 4212.
Package hyperref Info: Implicit mode ON; LaTeX internals redefined.
Package hyperref Info: Bookmarks ON on input line 4445.
\c@Hy@tempcnt=\count329

(C:\Users\Luka\AppData\Roaming\MiKTeX\2.9\tex/latex/url\url.sty
\Urlmuskip=\muskip20
Package: url 2013/09/16  ver 3.4  Verb mode for urls, etc.
)
LaTeX Info: Redefining \url on input line 4804.
\XeTeXLinkMargin=\dimen265

(C:\Users\Luka\AppData\Roaming\MiKTeX\2.9\tex/generic/bitset\bitset.sty
Package: bitset 2019/12/09 v1.3 Handle bit-vector datatype (HO)

(C:\Users\Luka\AppData\Roaming\MiKTeX\2.9\tex/generic/bigintcalc\bigintcalc.sty
Package: bigintcalc 2019/12/15 v1.5 Expandable calculations on big integers (HO
)
))
\Fld@menulength=\count330
\Field@Width=\dimen266
\Fld@charsize=\dimen267
Package hyperref Info: Hyper figures OFF on input line 6075.
Package hyperref Info: Link nesting OFF on input line 6080.
Package hyperref Info: Hyper index ON on input line 6083.
Package hyperref Info: backreferencing OFF on input line 6090.
Package hyperref Info: Link coloring OFF on input line 6095.
Package hyperref Info: Link coloring with OCG OFF on input line 6100.
Package hyperref Info: PDF/A mode OFF on input line 6105.
LaTeX Info: Redefining \ref on input line 6145.
LaTeX Info: Redefining \pageref on input line 6149.
 (D:\Apps\MikTeX\tex/latex/base\atbegshi-ltx.sty
Package: atbegshi-ltx 2020/08/17 v1.0a Emulation of the original atbegshi packa
ge
with kernel methods
)
\Hy@abspage=\count331
\c@Item=\count332
\c@Hfootnote=\count333
)
Package hyperref Info: Driver (autodetected): hpdftex.

(D:\Apps\MikTeX\tex/latex/hyperref\hpdftex.def
File: hpdftex.def 2021-02-27 v7.00k Hyperref driver for pdfTeX

(D:\Apps\MikTeX\tex/latex/base\atveryend-ltx.sty
Package: atveryend-ltx 2020/08/19 v1.0a Emulation of the original atvery packag
e
with kernel methods
)
\Fld@listcount=\count334
\c@bookmark@seq@number=\count335

(C:\Users\Luka\AppData\Roaming\MiKTeX\2.9\tex/latex/rerunfilecheck\rerunfileche
ck.sty
Package: rerunfilecheck 2019/12/05 v1.9 Rerun checks for auxiliary files (HO)

(C:\Users\Luka\AppData\Roaming\MiKTeX\2.9\tex/generic/uniquecounter\uniquecount
er.sty
Package: uniquecounter 2019/12/15 v1.4 Provide unlimited unique counter (HO)
)
Package uniquecounter Info: New unique counter `rerunfilecheck' on input line 2
86.
)
\Hy@SectionHShift=\skip96
)
(C:\Users\Luka\AppData\Roaming\MiKTeX\2.9\tex/latex/bookmark\bkm-pdftex.def
File: bkm-pdftex.def 2020-11-06 v1.29 bookmark driver for pdfTeX (HO)
\BKM@id=\count336
))
(C:\Users\Luka\AppData\Roaming\MiKTeX\2.9\tex/latex/biblatex\biblatex.sty
Package: biblatex 2020/12/31 v3.16 programmable bibliographies (PK/MW)

(C:\Users\Luka\AppData\Roaming\MiKTeX\2.9\tex/latex/logreq\logreq.sty
Package: logreq 2010/08/04 v1.0 xml request logger
\lrq@indent=\count337

(C:\Users\Luka\AppData\Roaming\MiKTeX\2.9\tex/latex/logreq\logreq.def
File: logreq.def 2010/08/04 v1.0 logreq spec v1.0
))
\c@tabx@nest=\count338
\c@listtotal=\count339
\c@listcount=\count340
\c@liststart=\count341
\c@liststop=\count342
\c@citecount=\count343
\c@citetotal=\count344
\c@multicitecount=\count345
\c@multicitetotal=\count346
\c@instcount=\count347
\c@maxnames=\count348
\c@minnames=\count349
\c@maxitems=\count350
\c@minitems=\count351
\c@citecounter=\count352
\c@maxcitecounter=\count353
\c@savedcitecounter=\count354
\c@uniquelist=\count355
\c@uniquename=\count356
\c@refsection=\count357
\c@refsegment=\count358
\c@maxextratitle=\count359
\c@maxextratitleyear=\count360
\c@maxextraname=\count361
\c@maxextradate=\count362
\c@maxextraalpha=\count363
\c@abbrvpenalty=\count364
\c@highnamepenalty=\count365
\c@lownamepenalty=\count366
\c@maxparens=\count367
\c@parenlevel=\count368
\blx@tempcnta=\count369
\blx@tempcntb=\count370
\blx@tempcntc=\count371
\blx@maxsection=\count372
\blx@maxsegment@0=\count373
\blx@notetype=\count374
\blx@parenlevel@text=\count375
\blx@parenlevel@foot=\count376
\blx@sectionciteorder@0=\count377
\blx@entrysetcounter=\count378
\blx@biblioinstance=\count379
\labelnumberwidth=\skip97
\labelalphawidth=\skip98
\biblabelsep=\skip99
\bibitemsep=\skip100
\bibnamesep=\skip101
\bibinitsep=\skip102
\bibparsep=\skip103
\bibhang=\skip104
\blx@bcfin=\read4
\blx@bcfout=\write3
\blx@langwohyphens=\language84
\c@mincomprange=\count380
\c@maxcomprange=\count381
\c@mincompwidth=\count382
Package biblatex Info: Trying to load biblatex default data model...
Package biblatex Info: ... file 'blx-dm.def' found.

(C:\Users\Luka\AppData\Roaming\MiKTeX\2.9\tex/latex/biblatex\blx-dm.def
File: blx-dm.def 2020/12/31 v3.16 biblatex localization (PK/MW)
)
Package biblatex Info: Trying to load biblatex style data model...
Package biblatex Info: ... file 'numeric-comp.dbx' not found.
Package biblatex Info: Trying to load biblatex custom data model...
Package biblatex Info: ... file 'biblatex-dm.cfg' not found.
\c@afterword=\count383
\c@savedafterword=\count384
\c@annotator=\count385
\c@savedannotator=\count386
\c@author=\count387
\c@savedauthor=\count388
\c@bookauthor=\count389
\c@savedbookauthor=\count390
\c@commentator=\count391
\c@savedcommentator=\count392
\c@editor=\count393
\c@savededitor=\count394
\c@editora=\count395
\c@savededitora=\count396
\c@editorb=\count397
\c@savededitorb=\count398
\c@editorc=\count399
\c@savededitorc=\count400
\c@foreword=\count401
\c@savedforeword=\count402
\c@holder=\count403
\c@savedholder=\count404
\c@introduction=\count405
\c@savedintroduction=\count406
\c@namea=\count407
\c@savednamea=\count408
\c@nameb=\count409
\c@savednameb=\count410
\c@namec=\count411
\c@savednamec=\count412
\c@translator=\count413
\c@savedtranslator=\count414
\c@shortauthor=\count415
\c@savedshortauthor=\count416
\c@shorteditor=\count417
\c@savedshorteditor=\count418
\c@labelname=\count419
\c@savedlabelname=\count420
\c@institution=\count421
\c@savedinstitution=\count422
\c@lista=\count423
\c@savedlista=\count424
\c@listb=\count425
\c@savedlistb=\count426
\c@listc=\count427
\c@savedlistc=\count428
\c@listd=\count429
\c@savedlistd=\count430
\c@liste=\count431
\c@savedliste=\count432
\c@listf=\count433
\c@savedlistf=\count434
\c@location=\count435
\c@savedlocation=\count436
\c@organization=\count437
\c@savedorganization=\count438
\c@origlocation=\count439
\c@savedoriglocation=\count440
\c@origpublisher=\count441
\c@savedorigpublisher=\count442
\c@publisher=\count443
\c@savedpublisher=\count444
\c@language=\count445
\c@savedlanguage=\count446
\c@origlanguage=\count447
\c@savedoriglanguage=\count448
\c@pageref=\count449
\c@savedpageref=\count450
\shorthandwidth=\skip105
\shortjournalwidth=\skip106
\shortserieswidth=\skip107
\shorttitlewidth=\skip108
\shortauthorwidth=\skip109
\shorteditorwidth=\skip110
\locallabelnumberwidth=\skip111
\locallabelalphawidth=\skip112
\localshorthandwidth=\skip113
\localshortjournalwidth=\skip114
\localshortserieswidth=\skip115
\localshorttitlewidth=\skip116
\localshortauthorwidth=\skip117
\localshorteditorwidth=\skip118
Package biblatex Info: Trying to load compatibility code...
Package biblatex Info: ... file 'blx-compat.def' found.

(C:\Users\Luka\AppData\Roaming\MiKTeX\2.9\tex/latex/biblatex\blx-compat.def
File: blx-compat.def 2020/12/31 v3.16 biblatex compatibility (PK/MW)
)
Package biblatex Info: Trying to load generic definitions...
Package biblatex Info: ... file 'biblatex.def' found.

(C:\Users\Luka\AppData\Roaming\MiKTeX\2.9\tex/latex/biblatex\biblatex.def
File: biblatex.def 2020/12/31 v3.16 biblatex compatibility (PK/MW)
\c@textcitecount=\count451
\c@textcitetotal=\count452
\c@textcitemaxnames=\count453
\c@biburlbigbreakpenalty=\count454
\c@biburlbreakpenalty=\count455
\c@biburlnumpenalty=\count456
\c@biburlucpenalty=\count457
\c@biburllcpenalty=\count458
\biburlbigskip=\muskip21
\biburlnumskip=\muskip22
\biburlucskip=\muskip23
\biburllcskip=\muskip24
\c@smartand=\count459
)
Package biblatex Info: Trying to load bibliography style 'numeric-comp'...
Package biblatex Info: ... file 'numeric-comp.bbx' found.

(C:\Users\Luka\AppData\Roaming\MiKTeX\2.9\tex/latex/biblatex/bbx\numeric-comp.b
bx
File: numeric-comp.bbx 2020/12/31 v3.16 biblatex bibliography style (PK/MW)
Package biblatex Info: Trying to load bibliography style 'numeric'...
Package biblatex Info: ... file 'numeric.bbx' found.
 (C:\Users\Luka\AppData\Roaming\MiKTeX\2.9\tex/latex/biblatex/bbx\numeric.bbx
File: numeric.bbx 2020/12/31 v3.16 biblatex bibliography style (PK/MW)
Package biblatex Info: Trying to load bibliography style 'standard'...
Package biblatex Info: ... file 'standard.bbx' found.
(C:\Users\Luka\AppData\Roaming\MiKTeX\2.9\tex/latex/biblatex/bbx\standard.bbx
File: standard.bbx 2020/12/31 v3.16 biblatex bibliography style (PK/MW)
\c@bbx:relatedcount=\count460
\c@bbx:relatedtotal=\count461
)))
Package biblatex Info: Trying to load citation style 'numeric-comp'...
Package biblatex Info: ... file 'numeric-comp.cbx' found.

(C:\Users\Luka\AppData\Roaming\MiKTeX\2.9\tex/latex/biblatex/cbx\numeric-comp.c
bx
File: numeric-comp.cbx 2020/12/31 v3.16 biblatex citation style (PK/MW)
\c@cbx@tempcnta=\count462
\c@cbx@tempcntb=\count463
\c@cbx@tempcntc=\count464
\c@cbx@tempcntd=\count465
Package biblatex Info: Redefining '\cite'.
Package biblatex Info: Redefining '\parencite'.
Package biblatex Info: Redefining '\footcite'.
Package biblatex Info: Redefining '\footcitetext'.
Package biblatex Info: Redefining '\smartcite'.
Package biblatex Info: Redefining '\supercite'.
Package biblatex Info: Redefining '\textcite'.
Package biblatex Info: Redefining '\textcites'.
Package biblatex Info: Redefining '\cites'.
Package biblatex Info: Redefining '\parencites'.
Package biblatex Info: Redefining '\smartcites'.
)
Package biblatex Info: Trying to load configuration file...
Package biblatex Info: ... file 'biblatex.cfg' found.
 (C:\Users\Luka\AppData\Roaming\MiKTeX\2.9\tex/latex/biblatex\biblatex.cfg
File: biblatex.cfg 
))
Package hyperref Info: Option `colorlinks' set `true' on input line 691.
Package hyperref Info: Option `breaklinks' set `true' on input line 691.
Package hyperref Info: Option `bookmarksnumbered' set `true' on input line 693.

Package hyperref Info: Option `bookmarksopen' set `true' on input line 693.
Package hyperref Info: Option `unicode' set `true' on input line 694.
Package hyperref Info: Option `psdextra' set `true' on input line 694.
(D:\Apps\MikTeX\tex/latex/hyperref\puenc-greekbasic.def
File: puenc-greekbasic.def 2021-02-27 v7.00k Hyperref: PDF Unicode definition (
greek block) (HO)
)
(D:\Apps\MikTeX\tex/latex/hyperref\psdextra.def
File: psdextra.def 2021-02-27 v7.00k Hyperref: Additions to PDF string support
)
ubonn-thesis: using cleveref.
(C:\Users\Luka\AppData\Roaming\MiKTeX\2.9\tex/latex/cleveref\cleveref.sty
Package: cleveref 2018/03/27 v0.21.4 Intelligent cross-referencing
Package cleveref Info: `hyperref' support loaded on input line 2370.
LaTeX Info: Redefining \cref on input line 2370.
LaTeX Info: Redefining \Cref on input line 2370.
LaTeX Info: Redefining \crefrange on input line 2370.
LaTeX Info: Redefining \Crefrange on input line 2370.
LaTeX Info: Redefining \cpageref on input line 2370.
LaTeX Info: Redefining \Cpageref on input line 2370.
LaTeX Info: Redefining \cpagerefrange on input line 2370.
LaTeX Info: Redefining \Cpagerefrange on input line 2370.
LaTeX Info: Redefining \labelcref on input line 2370.
LaTeX Info: Redefining \labelcpageref on input line 2370.
Package cleveref Info: always capitalise cross-reference names on input line 78
25.
Package cleveref Info: always capitalise cross-reference names on input line 78
52.
)
\figwidth=\skip119


Package typearea Warning: Bad type area settings!
(typearea)                The detected line width is about 19%
(typearea)                larger than the heuristically estimated maximum
(typearea)                limit of typographical good line width.
(typearea)                You should e.g. decrease DIV, increase fontsize
(typearea)                or change papersize.

Package typearea Info: These are the values describing the layout:
(typearea)             DIV  = 12
(typearea)             BCOR = 14.22636pt
(typearea)             \paperwidth      = 597.50793pt
(typearea)              \textwidth      = 437.46118pt
(typearea)              DIV departure   = -19%
(typearea)              \evensidemargin = 24.9436pt
(typearea)              \oddsidemargin  = -9.43683pt
(typearea)             \paperheight     = 845.04694pt
(typearea)              \textheight     = 609.40027pt
(typearea)              \topmargin      = -1.84941pt
(typearea)              \headheight     = 17.0pt
(typearea)              \headsep        = 20.40001pt
(typearea)              \topskip        = 11.0pt
(typearea)              \footskip       = 47.6pt
(typearea)              \baselineskip   = 13.6pt
(typearea)              on input line 853.
) (ubonn-biblatex.sty
Package: ubonn-biblatex 2020/07/01 Version 9.0.0 University of Bonn biblatex st
yle

Package ubonn-biblatex Info: UBNB@texlive is [2017]
ubonn-biblatex: block set to ragged
ubonn-biblatex: maxbibnames set to 5
ubonn-biblatex: turning backref on
) (thesis_defs.sty)
(C:\Users\Luka\AppData\Roaming\MiKTeX\2.9\tex/latex/background\background.sty
Package: background 2014/03/04 v2.1 background material

(C:\Users\Luka\AppData\Roaming\MiKTeX\2.9\tex/latex/pgf/frontendlayer\tikz.sty
(C:\Users\Luka\AppData\Roaming\MiKTeX\2.9\tex/latex/pgf/basiclayer\pgf.sty
(C:\Users\Luka\AppData\Roaming\MiKTeX\2.9\tex/latex/pgf/utilities\pgfrcs.sty
(C:\Users\Luka\AppData\Roaming\MiKTeX\2.9\tex/generic/pgf/utilities\pgfutil-com
mon.tex
\pgfutil@everybye=\toks33
\pgfutil@tempdima=\dimen268
\pgfutil@tempdimb=\dimen269

(C:\Users\Luka\AppData\Roaming\MiKTeX\2.9\tex/generic/pgf/utilities\pgfutil-com
mon-lists.tex))
(C:\Users\Luka\AppData\Roaming\MiKTeX\2.9\tex/generic/pgf/utilities\pgfutil-lat
ex.def
\pgfutil@abb=\box69
)
(C:\Users\Luka\AppData\Roaming\MiKTeX\2.9\tex/generic/pgf/utilities\pgfrcs.code
.tex (C:\Users\Luka\AppData\Roaming\MiKTeX\2.9\tex/generic/pgf\pgf.revision.tex
)
Package: pgfrcs 2020/12/27 v3.1.8b (3.1.8b)
))
Package: pgf 2020/12/27 v3.1.8b (3.1.8b)

(C:\Users\Luka\AppData\Roaming\MiKTeX\2.9\tex/latex/pgf/basiclayer\pgfcore.sty
(C:\Users\Luka\AppData\Roaming\MiKTeX\2.9\tex/latex/pgf/systemlayer\pgfsys.sty
(C:\Users\Luka\AppData\Roaming\MiKTeX\2.9\tex/generic/pgf/systemlayer\pgfsys.co
de.tex
Package: pgfsys 2020/12/27 v3.1.8b (3.1.8b)

(C:\Users\Luka\AppData\Roaming\MiKTeX\2.9\tex/generic/pgf/utilities\pgfkeys.cod
e.tex
\pgfkeys@pathtoks=\toks34
\pgfkeys@temptoks=\toks35

(C:\Users\Luka\AppData\Roaming\MiKTeX\2.9\tex/generic/pgf/utilities\pgfkeysfilt
ered.code.tex
\pgfkeys@tmptoks=\toks36
))
\pgf@x=\dimen270
\pgf@y=\dimen271
\pgf@xa=\dimen272
\pgf@ya=\dimen273
\pgf@xb=\dimen274
\pgf@yb=\dimen275
\pgf@xc=\dimen276
\pgf@yc=\dimen277
\pgf@xd=\dimen278
\pgf@yd=\dimen279
\w@pgf@writea=\write4
\r@pgf@reada=\read5
\c@pgf@counta=\count466
\c@pgf@countb=\count467
\c@pgf@countc=\count468
\c@pgf@countd=\count469
\t@pgf@toka=\toks37
\t@pgf@tokb=\toks38
\t@pgf@tokc=\toks39
\pgf@sys@id@count=\count470

(C:\Users\Luka\AppData\Roaming\MiKTeX\2.9\tex/generic/pgf/systemlayer\pgf.cfg
File: pgf.cfg 2020/12/27 v3.1.8b (3.1.8b)
)
Driver file for pgf: pgfsys-pdftex.def

(C:\Users\Luka\AppData\Roaming\MiKTeX\2.9\tex/generic/pgf/systemlayer\pgfsys-pd
ftex.def
File: pgfsys-pdftex.def 2020/12/27 v3.1.8b (3.1.8b)

(C:\Users\Luka\AppData\Roaming\MiKTeX\2.9\tex/generic/pgf/systemlayer\pgfsys-co
mmon-pdf.def
File: pgfsys-common-pdf.def 2020/12/27 v3.1.8b (3.1.8b)
)))
(C:\Users\Luka\AppData\Roaming\MiKTeX\2.9\tex/generic/pgf/systemlayer\pgfsyssof
tpath.code.tex
File: pgfsyssoftpath.code.tex 2020/12/27 v3.1.8b (3.1.8b)
\pgfsyssoftpath@smallbuffer@items=\count471
\pgfsyssoftpath@bigbuffer@items=\count472
)
(C:\Users\Luka\AppData\Roaming\MiKTeX\2.9\tex/generic/pgf/systemlayer\pgfsyspro
tocol.code.tex
File: pgfsysprotocol.code.tex 2020/12/27 v3.1.8b (3.1.8b)
))
(C:\Users\Luka\AppData\Roaming\MiKTeX\2.9\tex/generic/pgf/basiclayer\pgfcore.co
de.tex
Package: pgfcore 2020/12/27 v3.1.8b (3.1.8b)

(C:\Users\Luka\AppData\Roaming\MiKTeX\2.9\tex/generic/pgf/math\pgfmath.code.tex

(C:\Users\Luka\AppData\Roaming\MiKTeX\2.9\tex/generic/pgf/math\pgfmathcalc.code
.tex
(C:\Users\Luka\AppData\Roaming\MiKTeX\2.9\tex/generic/pgf/math\pgfmathutil.code
.tex)
(C:\Users\Luka\AppData\Roaming\MiKTeX\2.9\tex/generic/pgf/math\pgfmathparser.co
de.tex
\pgfmath@dimen=\dimen280
\pgfmath@count=\count473
\pgfmath@box=\box70
\pgfmath@toks=\toks40
\pgfmath@stack@operand=\toks41
\pgfmath@stack@operation=\toks42
)
(C:\Users\Luka\AppData\Roaming\MiKTeX\2.9\tex/generic/pgf/math\pgfmathfunctions
.code.tex
(C:\Users\Luka\AppData\Roaming\MiKTeX\2.9\tex/generic/pgf/math\pgfmathfunctions
.basic.code.tex)
(C:\Users\Luka\AppData\Roaming\MiKTeX\2.9\tex/generic/pgf/math\pgfmathfunctions
.trigonometric.code.tex)
(C:\Users\Luka\AppData\Roaming\MiKTeX\2.9\tex/generic/pgf/math\pgfmathfunctions
.random.code.tex)
(C:\Users\Luka\AppData\Roaming\MiKTeX\2.9\tex/generic/pgf/math\pgfmathfunctions
.comparison.code.tex)
(C:\Users\Luka\AppData\Roaming\MiKTeX\2.9\tex/generic/pgf/math\pgfmathfunctions
.base.code.tex)
(C:\Users\Luka\AppData\Roaming\MiKTeX\2.9\tex/generic/pgf/math\pgfmathfunctions
.round.code.tex)
(C:\Users\Luka\AppData\Roaming\MiKTeX\2.9\tex/generic/pgf/math\pgfmathfunctions
.misc.code.tex)
(C:\Users\Luka\AppData\Roaming\MiKTeX\2.9\tex/generic/pgf/math\pgfmathfunctions
.integerarithmetics.code.tex)))
(C:\Users\Luka\AppData\Roaming\MiKTeX\2.9\tex/generic/pgf/math\pgfmathfloat.cod
e.tex
\c@pgfmathroundto@lastzeros=\count474
))
(C:\Users\Luka\AppData\Roaming\MiKTeX\2.9\tex/generic/pgf/math\pgfint.code.tex)

(C:\Users\Luka\AppData\Roaming\MiKTeX\2.9\tex/generic/pgf/basiclayer\pgfcorepoi
nts.code.tex
File: pgfcorepoints.code.tex 2020/12/27 v3.1.8b (3.1.8b)
\pgf@picminx=\dimen281
\pgf@picmaxx=\dimen282
\pgf@picminy=\dimen283
\pgf@picmaxy=\dimen284
\pgf@pathminx=\dimen285
\pgf@pathmaxx=\dimen286
\pgf@pathminy=\dimen287
\pgf@pathmaxy=\dimen288
\pgf@xx=\dimen289
\pgf@xy=\dimen290
\pgf@yx=\dimen291
\pgf@yy=\dimen292
\pgf@zx=\dimen293
\pgf@zy=\dimen294
)
(C:\Users\Luka\AppData\Roaming\MiKTeX\2.9\tex/generic/pgf/basiclayer\pgfcorepat
hconstruct.code.tex
File: pgfcorepathconstruct.code.tex 2020/12/27 v3.1.8b (3.1.8b)
\pgf@path@lastx=\dimen295
\pgf@path@lasty=\dimen296
)
(C:\Users\Luka\AppData\Roaming\MiKTeX\2.9\tex/generic/pgf/basiclayer\pgfcorepat
husage.code.tex
File: pgfcorepathusage.code.tex 2020/12/27 v3.1.8b (3.1.8b)
\pgf@shorten@end@additional=\dimen297
\pgf@shorten@start@additional=\dimen298
)
(C:\Users\Luka\AppData\Roaming\MiKTeX\2.9\tex/generic/pgf/basiclayer\pgfcoresco
pes.code.tex
File: pgfcorescopes.code.tex 2020/12/27 v3.1.8b (3.1.8b)
\pgfpic=\box71
\pgf@hbox=\box72
\pgf@layerbox@main=\box73
\pgf@picture@serial@count=\count475
)
(C:\Users\Luka\AppData\Roaming\MiKTeX\2.9\tex/generic/pgf/basiclayer\pgfcoregra
phicstate.code.tex
File: pgfcoregraphicstate.code.tex 2020/12/27 v3.1.8b (3.1.8b)
\pgflinewidth=\dimen299
)
(C:\Users\Luka\AppData\Roaming\MiKTeX\2.9\tex/generic/pgf/basiclayer\pgfcoretra
nsformations.code.tex
File: pgfcoretransformations.code.tex 2020/12/27 v3.1.8b (3.1.8b)
\pgf@pt@x=\dimen300
\pgf@pt@y=\dimen301
\pgf@pt@temp=\dimen302
)
(C:\Users\Luka\AppData\Roaming\MiKTeX\2.9\tex/generic/pgf/basiclayer\pgfcorequi
ck.code.tex
File: pgfcorequick.code.tex 2020/12/27 v3.1.8b (3.1.8b)
)
(C:\Users\Luka\AppData\Roaming\MiKTeX\2.9\tex/generic/pgf/basiclayer\pgfcoreobj
ects.code.tex
File: pgfcoreobjects.code.tex 2020/12/27 v3.1.8b (3.1.8b)
)
(C:\Users\Luka\AppData\Roaming\MiKTeX\2.9\tex/generic/pgf/basiclayer\pgfcorepat
hprocessing.code.tex
File: pgfcorepathprocessing.code.tex 2020/12/27 v3.1.8b (3.1.8b)
)
(C:\Users\Luka\AppData\Roaming\MiKTeX\2.9\tex/generic/pgf/basiclayer\pgfcorearr
ows.code.tex
File: pgfcorearrows.code.tex 2020/12/27 v3.1.8b (3.1.8b)
\pgfarrowsep=\dimen303
)
(C:\Users\Luka\AppData\Roaming\MiKTeX\2.9\tex/generic/pgf/basiclayer\pgfcoresha
de.code.tex
File: pgfcoreshade.code.tex 2020/12/27 v3.1.8b (3.1.8b)
\pgf@max=\dimen304
\pgf@sys@shading@range@num=\count476
\pgf@shadingcount=\count477
)
(C:\Users\Luka\AppData\Roaming\MiKTeX\2.9\tex/generic/pgf/basiclayer\pgfcoreima
ge.code.tex
File: pgfcoreimage.code.tex 2020/12/27 v3.1.8b (3.1.8b)

(C:\Users\Luka\AppData\Roaming\MiKTeX\2.9\tex/generic/pgf/basiclayer\pgfcoreext
ernal.code.tex
File: pgfcoreexternal.code.tex 2020/12/27 v3.1.8b (3.1.8b)
\pgfexternal@startupbox=\box74
))
(C:\Users\Luka\AppData\Roaming\MiKTeX\2.9\tex/generic/pgf/basiclayer\pgfcorelay
ers.code.tex
File: pgfcorelayers.code.tex 2020/12/27 v3.1.8b (3.1.8b)
)
(C:\Users\Luka\AppData\Roaming\MiKTeX\2.9\tex/generic/pgf/basiclayer\pgfcoretra
nsparency.code.tex
File: pgfcoretransparency.code.tex 2020/12/27 v3.1.8b (3.1.8b)
)
(C:\Users\Luka\AppData\Roaming\MiKTeX\2.9\tex/generic/pgf/basiclayer\pgfcorepat
terns.code.tex
File: pgfcorepatterns.code.tex 2020/12/27 v3.1.8b (3.1.8b)
)
(C:\Users\Luka\AppData\Roaming\MiKTeX\2.9\tex/generic/pgf/basiclayer\pgfcorerdf
.code.tex
File: pgfcorerdf.code.tex 2020/12/27 v3.1.8b (3.1.8b)
)))
(C:\Users\Luka\AppData\Roaming\MiKTeX\2.9\tex/generic/pgf/modules\pgfmoduleshap
es.code.tex
File: pgfmoduleshapes.code.tex 2020/12/27 v3.1.8b (3.1.8b)
\pgfnodeparttextbox=\box75
)
(C:\Users\Luka\AppData\Roaming\MiKTeX\2.9\tex/generic/pgf/modules\pgfmoduleplot
.code.tex
File: pgfmoduleplot.code.tex 2020/12/27 v3.1.8b (3.1.8b)
)
(C:\Users\Luka\AppData\Roaming\MiKTeX\2.9\tex/latex/pgf/compatibility\pgfcomp-v
ersion-0-65.sty
Package: pgfcomp-version-0-65 2020/12/27 v3.1.8b (3.1.8b)
\pgf@nodesepstart=\dimen305
\pgf@nodesepend=\dimen306
)
(C:\Users\Luka\AppData\Roaming\MiKTeX\2.9\tex/latex/pgf/compatibility\pgfcomp-v
ersion-1-18.sty
Package: pgfcomp-version-1-18 2020/12/27 v3.1.8b (3.1.8b)
))
(C:\Users\Luka\AppData\Roaming\MiKTeX\2.9\tex/latex/pgf/utilities\pgffor.sty
(C:\Users\Luka\AppData\Roaming\MiKTeX\2.9\tex/latex/pgf/utilities\pgfkeys.sty
(C:\Users\Luka\AppData\Roaming\MiKTeX\2.9\tex/generic/pgf/utilities\pgfkeys.cod
e.tex))
(C:\Users\Luka\AppData\Roaming\MiKTeX\2.9\tex/latex/pgf/math\pgfmath.sty
(C:\Users\Luka\AppData\Roaming\MiKTeX\2.9\tex/generic/pgf/math\pgfmath.code.tex
))
(C:\Users\Luka\AppData\Roaming\MiKTeX\2.9\tex/generic/pgf/utilities\pgffor.code
.tex
Package: pgffor 2020/12/27 v3.1.8b (3.1.8b)

(C:\Users\Luka\AppData\Roaming\MiKTeX\2.9\tex/generic/pgf/math\pgfmath.code.tex
)
\pgffor@iter=\dimen307
\pgffor@skip=\dimen308
\pgffor@stack=\toks43
\pgffor@toks=\toks44
))
(C:\Users\Luka\AppData\Roaming\MiKTeX\2.9\tex/generic/pgf/frontendlayer/tikz\ti
kz.code.tex
Package: tikz 2020/12/27 v3.1.8b (3.1.8b)

(C:\Users\Luka\AppData\Roaming\MiKTeX\2.9\tex/generic/pgf/libraries\pgflibraryp
lothandlers.code.tex
File: pgflibraryplothandlers.code.tex 2020/12/27 v3.1.8b (3.1.8b)
\pgf@plot@mark@count=\count478
\pgfplotmarksize=\dimen309
)
\tikz@lastx=\dimen310
\tikz@lasty=\dimen311
\tikz@lastxsaved=\dimen312
\tikz@lastysaved=\dimen313
\tikz@lastmovetox=\dimen314
\tikz@lastmovetoy=\dimen315
\tikzleveldistance=\dimen316
\tikzsiblingdistance=\dimen317
\tikz@figbox=\box76
\tikz@figbox@bg=\box77
\tikz@tempbox=\box78
\tikz@tempbox@bg=\box79
\tikztreelevel=\count479
\tikznumberofchildren=\count480
\tikznumberofcurrentchild=\count481
\tikz@fig@count=\count482

(C:\Users\Luka\AppData\Roaming\MiKTeX\2.9\tex/generic/pgf/modules\pgfmodulematr
ix.code.tex
File: pgfmodulematrix.code.tex 2020/12/27 v3.1.8b (3.1.8b)
\pgfmatrixcurrentrow=\count483
\pgfmatrixcurrentcolumn=\count484
\pgf@matrix@numberofcolumns=\count485
)
\tikz@expandcount=\count486

(C:\Users\Luka\AppData\Roaming\MiKTeX\2.9\tex/generic/pgf/frontendlayer/tikz/li
braries\tikzlibrarytopaths.code.tex
File: tikzlibrarytopaths.code.tex 2020/12/27 v3.1.8b (3.1.8b)
)))
(C:\Users\Luka\AppData\Roaming\MiKTeX\2.9\tex/latex/everypage\everypage.sty
Package: everypage 2020/10/17 R2.0b Hooks to run on every page


Package everypage Warning: Functionality similar to this package has recently
(everypage)                been implemented in LaTeX. This package is now in
(everypage)                legacy status.
(everypage)                Please, don't use it in new documents and packages.


Package everypage Warning: You appear to be running a version of LaTeX
(everypage)                providing the new functionality.
(everypage)                Doing the best to deliver the original `everypage`
(everypage)                interface on top of it. Strict equivalence is
(everypage)                not possible, breakage may occur.
(everypage)                If truly needed, Use `everypage-1x` to force the
(everypage)                loading of an older code base.

) (C:\Users\Luka\AppData\Roaming\MiKTeX\2.9\tex/latex/latex-tools\afterpage.sty
Package: afterpage 2014/10/28 v1.08 After-Page Package (DPC)
\AP@output=\toks45
\AP@partial=\box80
\AP@footins=\box81
))
Package csquotes Info: Checking for multilingual support...
Package csquotes Info: ... found 'babel' package.
 (MasterThesis.aux (thesis_acknowledge.aux) (thesis_intro.aux)
(thesis_appendix.aux))
\openout1 = `MasterThesis.aux'.

LaTeX Font Info:    Checking defaults for OML/ntxmi/m/it on input line 136.
LaTeX Font Info:    Trying to load font information for OML+ntxmi on input line
 136.

(C:\Users\Luka\AppData\Roaming\MiKTeX\2.9\tex/latex/newtx\omlntxmi.fd
File: omlntxmi.fd 2015/08/25 Fontinst v1.933 font definitions for OML/ntxmi.
)
LaTeX Font Info:    ... okay on input line 136.
LaTeX Font Info:    Checking defaults for OMS/cmsy/m/n on input line 136.
LaTeX Font Info:    ... okay on input line 136.
LaTeX Font Info:    Checking defaults for OT1/cmr/m/n on input line 136.
LaTeX Font Info:    ... okay on input line 136.
LaTeX Font Info:    Checking defaults for T1/cmr/m/n on input line 136.
LaTeX Font Info:    ... okay on input line 136.
LaTeX Font Info:    Checking defaults for TS1/cmr/m/n on input line 136.
LaTeX Font Info:    ... okay on input line 136.
LaTeX Font Info:    Checking defaults for OMX/cmex/m/n on input line 136.
LaTeX Font Info:    ... okay on input line 136.
LaTeX Font Info:    Checking defaults for U/ntxexa/m/n on input line 136.
LaTeX Font Info:    Trying to load font information for U+ntxexa on input line 
136.

(C:\Users\Luka\AppData\Roaming\MiKTeX\2.9\tex/latex/newtx\untxexa.fd
File: untxexa.fd 2012/04/16 Fontinst v1.933 font definitions for U/ntxexa.
)
LaTeX Font Info:    ... okay on input line 136.
LaTeX Font Info:    Checking defaults for LMS/ntxsy/m/n on input line 136.
LaTeX Font Info:    Trying to load font information for LMS+ntxsy on input line
 136.

(C:\Users\Luka\AppData\Roaming\MiKTeX\2.9\tex/latex/newtx\lmsntxsy.fd
File: lmsntxsy.fd 2016/07/02 Fontinst v1.933 font definitions for LMS/ntxsy.
)
LaTeX Font Info:    ... okay on input line 136.
LaTeX Font Info:    Checking defaults for LMX/ntxexx/m/n on input line 136.
LaTeX Font Info:    Trying to load font information for LMX+ntxexx on input lin
e 136.

(C:\Users\Luka\AppData\Roaming\MiKTeX\2.9\tex/latex/newtx\lmxntxexx.fd
File: lmxntxexx.fd 2016/07/03 Fontinst v1.933 font definitions for LMX/ntxexx.
)
LaTeX Font Info:    ... okay on input line 136.
LaTeX Font Info:    Checking defaults for PD1/pdf/m/n on input line 136.
LaTeX Font Info:    ... okay on input line 136.
LaTeX Font Info:    Checking defaults for PU/pdf/m/n on input line 136.
LaTeX Font Info:    ... okay on input line 136.
Package scrbase Info: activating UKenglish \contentsname on input line 136.
Package scrbase Info: activating UKenglish \listfigurename on input line 136.
Package scrbase Info: activating UKenglish \listtablename on input line 136.
\c@mv@tabular=\count487
\c@mv@boldtabular=\count488

(C:\Users\Luka\AppData\Roaming\MiKTeX\2.9\tex/context/base/mkii\supp-pdf.mkii
[Loading MPS to PDF converter (version 2006.09.02).]
\scratchcounter=\count489
\scratchdimen=\dimen318
\scratchbox=\box82
\nofMPsegments=\count490
\nofMParguments=\count491
\everyMPshowfont=\toks46
\MPscratchCnt=\count492
\MPscratchDim=\dimen319
\MPnumerator=\count493
\makeMPintoPDFobject=\count494
\everyMPtoPDFconversion=\toks47
)
(C:\Users\Luka\AppData\Roaming\MiKTeX\2.9\tex/latex/epstopdf-pkg\epstopdf-base.
sty
Package: epstopdf-base 2020-01-24 v2.11 Base part for package epstopdf
Package epstopdf-base Info: Redefining graphics rule for `.eps' on input line 4
85.
 (D:\Apps\MikTeX\tex/latex/00miktex\epstopdf-sys.cfg
File: epstopdf-sys.cfg 2021/03/18 v2.0 Configuration of epstopdf for MiKTeX
))
(C:\Users\Luka\AppData\Roaming\MiKTeX\2.9\tex/latex/siunitx\siunitx-abbreviatio
ns.cfg
File: siunitx-abbreviations.cfg 2017/11/26 v2.7k siunitx: Abbreviated units
)
(C:\Users\Luka\AppData\Roaming\MiKTeX\2.9\tex/latex/translator\translator-basic
-dictionary-English.dict
Dictionary: translator-basic-dictionary, Language: English 
)
(C:\Users\Luka\AppData\Roaming\MiKTeX\2.9\tex/latex/translator\translator-basic
-dictionary-German.dict
Dictionary: translator-basic-dictionary, Language: German 
)
Package caption Info: Begin \AtBeginDocument code.
Package caption Info: hyperref package is loaded.
Package caption Info: longtable package is loaded.

(C:\Users\Luka\AppData\Roaming\MiKTeX\2.9\tex/latex/caption\ltcaption.sty
Package: ltcaption 2020/05/30 v1.4b longtable captions (AR)
)
Package caption Info: rotating package is loaded.
Package caption Info: End \AtBeginDocument code.

Package chemgreek Info: Activating mapping `newtx' on line 136.

LaTeX Info: Redefining \microtypecontext on input line 136.
Package microtype Info: Generating PDF output.
Package microtype Info: Character protrusion enabled (level 2).
Package microtype Info: Using default protrusion set `alltext'.
Package microtype Info: Automatic font expansion enabled (level 2),
(microtype)             stretch: 20, shrink: 20, step: 1, non-selected.
Package microtype Info: Using default expansion set `alltext-nott'.
LaTeX Info: Redefining \showhyphens on input line 136.
Package microtype Info: No adjustment of tracking.
Package microtype Info: No adjustment of interword spacing.
Package microtype Info: No adjustment of character kerning.

(C:\Users\Luka\AppData\Roaming\MiKTeX\2.9\tex/latex/microtype\mt-ptm.cfg
File: mt-ptm.cfg 2006/04/20 v1.7 microtype config. file: Times (RS)
)
Package scrdate Info: \dategerman not defined.
(scrdate)             \todaysname probably cannot use \dayname@german.
Package scrdate Info: \dateswissgerman not defined.
(scrdate)             \todaysname probably cannot use \dayname@swissgerman.
Package scrdate Info: \dateamerican not defined.
(scrdate)             \todaysname probably cannot use \dayname@american.
Package scrdate Info: \dateaustralian not defined.
(scrdate)             \todaysname probably cannot use \dayname@australian.
Package scrdate Info: \datebritish not defined.
(scrdate)             \todaysname probably cannot use \dayname@british.
Package scrdate Info: \datecanadian not defined.
(scrdate)             \todaysname probably cannot use \dayname@canadian.
Package scrdate Info: \dateenglish not defined.
(scrdate)             \todaysname probably cannot use \dayname@english.
Package scrdate Info: \datenewzealand not defined.
(scrdate)             \todaysname probably cannot use \dayname@newzealand.
Package scrdate Info: \dateukenglish not defined.
(scrdate)             \todaysname probably cannot use \dayname@ukenglish.
Package scrdate Info: \dateUSenglish not defined.
(scrdate)             \todaysname probably cannot use \dayname@USenglish.
Package scrdate Info: \dateusenglish not defined.
(scrdate)             \todaysname probably cannot use \dayname@usenglish.
Package scrdate Info: \datefrancais not defined.
(scrdate)             \todaysname probably cannot use \dayname@francais.
Package scrdate Info: \datefrench not defined.
(scrdate)             \todaysname probably cannot use \dayname@french.
Package scrdate Info: \dateitalian not defined.
(scrdate)             \todaysname probably cannot use \dayname@italian.
Package scrdate Info: \datespanish not defined.
(scrdate)             \todaysname probably cannot use \dayname@spanish.
Package scrdate Info: \datecroatian not defined.
(scrdate)             \todaysname probably cannot use \dayname@croatian.
Package scrdate Info: \datedutch not defined.
(scrdate)             \todaysname probably cannot use \dayname@dutch.
Package scrdate Info: \datefinnish not defined.
(scrdate)             \todaysname probably cannot use \dayname@finnish.
Package scrdate Info: \datenorsk not defined.
(scrdate)             \todaysname probably cannot use \dayname@norsk.
Package scrdate Info: \datedanish not defined.
(scrdate)             \todaysname probably cannot use \dayname@danish.
Package scrdate Info: \dateswedish not defined.
(scrdate)             \todaysname probably cannot use \dayname@swedish.
Package scrdate Info: \datepolish not defined.
(scrdate)             \todaysname probably cannot use \dayname@polish.
Package scrdate Info: \dateczech not defined.
(scrdate)             \todaysname probably cannot use \dayname@czech.
Package scrdate Info: \dateslovak not defined.
(scrdate)             \todaysname probably cannot use \dayname@slovak.
Package hyperref Info: Link coloring ON on input line 136.

(D:\Apps\MikTeX\tex/latex/hyperref\nameref.sty
Package: nameref 2021-04-02 v2.47 Cross-referencing by name of section

(C:\Users\Luka\AppData\Roaming\MiKTeX\2.9\tex/latex/refcount\refcount.sty
Package: refcount 2019/12/15 v3.6 Data extraction from label references (HO)
)
(C:\Users\Luka\AppData\Roaming\MiKTeX\2.9\tex/generic/gettitlestring\gettitlest
ring.sty
Package: gettitlestring 2019/12/15 v1.6 Cleanup title references (HO)
)
\c@section@level=\count495
)
LaTeX Info: Redefining \ref on input line 136.
LaTeX Info: Redefining \pageref on input line 136.
LaTeX Info: Redefining \nameref on input line 136.
Package biblatex Info: Trying to load language 'UKenglish'...
Package biblatex Info: ... file 'UKenglish.lbx' found.

(C:\Users\Luka\AppData\Roaming\MiKTeX\2.9\tex/latex/biblatex/lbx\UKenglish.lbx
File: UKenglish.lbx 2020/12/31 v3.16 biblatex localization (PK/MW)
Package biblatex Info: Trying to load language 'british'...
Package biblatex Info: ... file 'british.lbx' found.

(C:\Users\Luka\AppData\Roaming\MiKTeX\2.9\tex/latex/biblatex/lbx\british.lbx
File: british.lbx 2020/12/31 v3.16 biblatex localization (PK/MW)
)
Package biblatex Info: Trying to load language 'british'...
Package biblatex Info: ... file 'british.lbx' found.

(C:\Users\Luka\AppData\Roaming\MiKTeX\2.9\tex/latex/biblatex/lbx\british.lbx
File: british.lbx 2020/12/31 v3.16 biblatex localization (PK/MW)
Package biblatex Info: Trying to load language 'english'...
Package biblatex Info: ... file 'english.lbx' found.

(C:\Users\Luka\AppData\Roaming\MiKTeX\2.9\tex/latex/biblatex/lbx\english.lbx
File: english.lbx 2020/12/31 v3.16 biblatex localization (PK/MW)
)))
Package biblatex Info: Trying to load language 'ngerman'...
Package biblatex Info: ... file 'ngerman.lbx' found.
(C:\Users\Luka\AppData\Roaming\MiKTeX\2.9\tex/latex/biblatex/lbx\ngerman.lbx
File: ngerman.lbx 2020/12/31 v3.16 biblatex localization (PK/MW)
Package biblatex Info: Trying to load language 'german'...
Package biblatex Info: ... file 'german.lbx' found.

(C:\Users\Luka\AppData\Roaming\MiKTeX\2.9\tex/latex/biblatex/lbx\german.lbx
File: german.lbx 2020/12/31 v3.16 biblatex localization (PK/MW)
)
Package biblatex Info: Trying to load language 'german'...
Package biblatex Info: ... file 'german.lbx' found.

(C:\Users\Luka\AppData\Roaming\MiKTeX\2.9\tex/latex/biblatex/lbx\german.lbx
File: german.lbx 2020/12/31 v3.16 biblatex localization (PK/MW)
))
Package biblatex Info: Input encoding 'utf8' detected.
Package biblatex Info: Automatic encoding selection.
(biblatex)             Assuming data encoding 'utf8'.
Package biblatex Info: Document encoding is UTF8 ....
Package biblatex Info: ... and expl3
(biblatex)             2021-02-18 L3 programming layer (loader) 
(biblatex)             is new enough (at least 2020/04/06),
(biblatex)             setting 'casechanger=expl3'.

(C:\Users\Luka\AppData\Roaming\MiKTeX\2.9\tex/latex/biblatex\blx-case-expl3.sty
Package: blx-case-expl3 2020/12/31 v3.16 expl3 case changing code for biblatex
)
\openout3 = `MasterThesis.bcf'.

Package biblatex Info: Trying to load bibliographic data...
Package biblatex Info: ... file 'MasterThesis.bbl' found.
 (MasterThesis.bbl

Package biblatex Warning: The following entry could not be found
(biblatex)                in the database:
(biblatex)                goossens04
(biblatex)                Please verify the spelling and rerun
(biblatex)                LaTeX afterwards.


Package biblatex Warning: The following entry could not be found
(biblatex)                in the database:
(biblatex)                kopka04
(biblatex)                Please verify the spelling and rerun
(biblatex)                LaTeX afterwards.


Package biblatex Warning: The following entry could not be found
(biblatex)                in the database:
(biblatex)                latexwiki
(biblatex)                Please verify the spelling and rerun
(biblatex)                LaTeX afterwards.

)
Package biblatex Info: Reference section=0 on input line 136.
Package biblatex Info: Reference segment=0 on input line 136.
LaTeX Font Info:    Trying to load font information for OT1+ntxtlf on input lin
e 136.
 (C:\Users\Luka\AppData\Roaming\MiKTeX\2.9\tex/latex/newtx\ot1ntxtlf.fd
File: ot1ntxtlf.fd 2015/01/17 v1.0 font definition file for OT1/ntx/tlf
)
LaTeX Font Info:    Font shape `OT1/ntxtlf/m/n' will be
(Font)              scaled to size 10.95pt on input line 136.
LaTeX Font Info:    Font shape `OT1/ntxtlf/m/n' will be
(Font)              scaled to size 8.0pt on input line 136.
LaTeX Font Info:    Font shape `OT1/ntxtlf/m/n' will be
(Font)              scaled to size 6.1pt on input line 136.
LaTeX Font Info:    Trying to load font information for U+ntxmia on input line 
136.

(C:\Users\Luka\AppData\Roaming\MiKTeX\2.9\tex/latex/newtx\untxmia.fd
File: untxmia.fd 2018/04/14 Fontinst v1.933 font definitions for U/ntxmia.
)
LaTeX Font Info:    Trying to load font information for U+ntxsym on input line 
136.

(C:\Users\Luka\AppData\Roaming\MiKTeX\2.9\tex/latex/newtx\untxsym.fd
File: untxsym.fd 2015/03/20 Fontinst v1.933 font definitions for U/ntxsym.
)
LaTeX Font Info:    Trying to load font information for U+ntxsyc on input line 
136.

(C:\Users\Luka\AppData\Roaming\MiKTeX\2.9\tex/latex/newtx\untxsyc.fd
File: untxsyc.fd 2012/04/12 Fontinst v1.933 font definitions for U/ntxsyc.
)
LaTeX Font Info:    Trying to load font information for T1+qhv on input line 13
6.

(C:\Users\Luka\AppData\Roaming\MiKTeX\2.9\tex/latex/tex-gyre\t1qhv.fd
File: t1qhv.fd 2009/09/25 v1.2 font definition file for T1/qhv
)
LaTeX Font Info:    Font shape `T1/qhv/m/n' will be
(Font)              scaled to size 9.85492pt on input line 136.
Package microtype Info: Loading generic protrusion settings for font family
(microtype)             `qhv' (encoding: T1).
(microtype)             For optimal results, create family-specific settings.
(microtype)             See the microtype manual for details.
LaTeX Font Info:    Font shape `T1/qhv/m/n' will be
(Font)              scaled to size 7.19995pt on input line 136.
LaTeX Font Info:    Font shape `T1/qhv/m/n' will be
(Font)              scaled to size 5.48996pt on input line 136.
LaTeX Font Info:    Trying to load font information for T1+ntxtt on input line 
136.

(C:\Users\Luka\AppData\Roaming\MiKTeX\2.9\tex/latex/newtx\t1ntxtt.fd
File: t1ntxtt.fd 2012/04/20 v3.1
)
LaTeX Font Info:    Font shape `T1/ntxtt/m/n' will be
(Font)              scaled to size 10.95pt on input line 136.
Package microtype Info: Loading generic protrusion settings for font family
(microtype)             `ntxtt' (encoding: T1).
(microtype)             For optimal results, create family-specific settings.
(microtype)             See the microtype manual for details.
LaTeX Font Info:    Font shape `T1/ntxtt/m/n' will be
(Font)              scaled to size 8.0pt on input line 136.
LaTeX Font Info:    Font shape `T1/ntxtt/m/n' will be
(Font)              scaled to size 6.1pt on input line 136.

ubonn-thesis: thesis dedication not defined
(cover/Master_Submit_Title.tex)
LaTeX Font Info:    Font shape `T1/ntxtlf/b/n' will be
(Font)              scaled to size 10.95pt on input line 139.
LaTeX Font Info:    Font shape `T1/ntxtlf/b/n' will be
(Font)              scaled to size 20.74pt on input line 139.
LaTeX Font Info:    Font shape `T1/ntxtlf/m/n' will be
(Font)              scaled to size 14.4pt on input line 139.
LaTeX Font Info:    Font shape `OT1/ntxtlf/m/n' will be
(Font)              scaled to size 14.4pt on input line 139.
LaTeX Font Info:    Font shape `OT1/ntxtlf/m/n' will be
(Font)              scaled to size 10.5pt on input line 139.
LaTeX Font Info:    Font shape `OT1/ntxtlf/m/n' will be
(Font)              scaled to size 7.9pt on input line 139.
LaTeX Font Info:    Font shape `T1/qhv/m/n' will be
(Font)              scaled to size 12.9599pt on input line 139.
LaTeX Font Info:    Font shape `T1/qhv/m/n' will be
(Font)              scaled to size 9.44994pt on input line 139.
LaTeX Font Info:    Font shape `T1/qhv/m/n' will be
(Font)              scaled to size 7.10994pt on input line 139.
LaTeX Font Info:    Font shape `T1/ntxtt/m/n' will be
(Font)              scaled to size 14.4pt on input line 139.
LaTeX Font Info:    Font shape `T1/ntxtt/m/n' will be
(Font)              scaled to size 10.5pt on input line 139.
LaTeX Font Info:    Font shape `T1/ntxtt/m/n' will be
(Font)              scaled to size 7.9pt on input line 139.
LaTeX Font Info:    Font shape `T1/ntxtlf/m/n' will be
(Font)              scaled to size 17.28pt on input line 139.
Package cleveref Info: loaded `ngerman' language definitions on input line 139.

 [1{C:/Users/Luka/AppData/Local/MiKTeX/2.9/pdftex/config/pdftex.map}







]
Package cleveref Info: loaded `ngerman' language definitions on input line 139.

 [2

]
Document MasterThesis, Info: Draft/submission version of a Masterthesis
\openout2 = `thesis_acknowledge.aux'.

(thesis_acknowledge.tex
LaTeX Font Info:    Font shape `T1/qhv/b/n' will be
(Font)              scaled to size 9.85492pt on input line 2.
LaTeX Font Info:    Font shape `T1/qhv/b/n' will be
(Font)              scaled to size 18.66588pt on input line 2.
LaTeX Font Info:    Font shape `T1/ntxtlf/m/n' will be
(Font)              scaled to size 24.88pt on input line 2.
) [3



] [4




]
Package tocbasic Info: character protrusion at toc deactivated on input line 14
8.
 (MasterThesis.toc
Package cleveref Info: loaded `ngerman' language definitions on input line 3.
Package cleveref Info: loaded `ngerman' language definitions on input line 7.
LaTeX Font Info:    Font shape `OT1/ntxtlf/b/n' will be
(Font)              scaled to size 10.95pt on input line 10.
LaTeX Font Info:    Font shape `OT1/ntxtlf/b/n' will be
(Font)              scaled to size 8.0pt on input line 10.
LaTeX Font Info:    Font shape `OT1/ntxtlf/b/n' will be
(Font)              scaled to size 6.1pt on input line 10.
)
\tf@toc=\write5
\openout5 = `MasterThesis.toc'.

 [5] [6


]
\openout2 = `thesis_intro.aux'.

 (thesis_intro.tex
chapter 1.
LaTeX Font Info:    Font shape `T1/qhv/b/n' will be
(Font)              scaled to size 12.9599pt on input line 4.
LaTeX Font Info:    Font shape `OT1/ntxtlf/b/n' will be
(Font)              scaled to size 20.74pt on input line 4.
LaTeX Font Info:    Font shape `OT1/ntxtlf/b/n' will be
(Font)              scaled to size 16.1pt on input line 4.
LaTeX Font Info:    Font shape `OT1/ntxtlf/b/n' will be
(Font)              scaled to size 11.4pt on input line 4.
LaTeX Font Info:    Font shape `T1/qhv/b/n' will be
(Font)              scaled to size 22.39185pt on input line 4.
LaTeX Font Info:    Font shape `T1/ntxtlf/m/n' will be
(Font)              scaled to size 8.0pt on input line 11.
LaTeX Font Info:    Trying to load font information for TS1+ntxtlf on input lin
e 24.
(C:\Users\Luka\AppData\Roaming\MiKTeX\2.9\tex/latex/newtx\ts1ntxtlf.fd
File: ts1ntxtlf.fd 2015/01/18 v1.0 fd file for TS1/ntxtlf
)
LaTeX Font Info:    Font shape `TS1/ntxtlf/m/n' will be
(Font)              scaled to size 10.95pt on input line 24.
LaTeX Font Info:    Font shape `T1/ntxtlf/m/n' will be
(Font)              scaled to size 5.5pt on input line 25.
LaTeX Font Info:    Font shape `T1/ntxtlf/m/n' will be
(Font)              scaled to size 6.1pt on input line 27.
)
[1



]
\openout2 = `thesis_appendix.aux'.

 (thesis_appendix.tex [2





]
chapter A.
) [3] [4




]
chapter without number
LaTeX Font Info:    Font shape `T1/ntxtlf/m/it' will be
(Font)              scaled to size 10.95pt on input line 188.
LaTeX Font Info:    Font shape `T1/ntxtlf/m/sc' will be
(Font)              scaled to size 10.95pt on input line 188.
Package microtype Info: Character `029' is missing
(microtype)             in font `T1/ntxtlf/m/sc/10.95'.
(microtype)             Ignoring protrusion settings for this character.
LaTeX Font Info:    Font shape `T1/ntxtlf/m/it' will be
(Font)              scaled to size 8.0pt on input line 188.
LaTeX Font Info:    Font shape `T1/ntxtlf/m/it' will be
(Font)              scaled to size 6.1pt on input line 188.
[5] [6


]
Package tocbasic Info: character protrusion at lof deactivated on input line 19
5.
 (MasterThesis.lof
Package cleveref Info: loaded `ngerman' language definitions on input line 3.
Package cleveref Info: loaded `ngerman' language definitions on input line 7.
)
\tf@lof=\write6
\openout6 = `MasterThesis.lof'.

 [7


] [8


]
Package tocbasic Info: character protrusion at lot deactivated on input line 19
6.
 (MasterThesis.lot
Package cleveref Info: loaded `ngerman' language definitions on input line 3.
Package cleveref Info: loaded `ngerman' language definitions on input line 7.
)
\tf@lot=\write7
\openout7 = `MasterThesis.lot'.

 [9] (MasterThesis.aux
Package cleveref Info: loaded `ngerman' language definitions on input line 30.
Package cleveref Info: loaded `ngerman' language definitions on input line 35.

(thesis_acknowledge.aux) (thesis_intro.aux) (thesis_appendix.aux))
Package logreq Info: Writing requests to 'MasterThesis.run.xml'.
\openout1 = `MasterThesis.run.xml'.

 ) 
Here is how much of TeX's memory you used:
 48254 strings out of 479287
 935414 string characters out of 2869289
 1916985 words of memory out of 3000000
 64673 multiletter control sequences out of 15000+600000
 570330 words of font info for 330 fonts, out of 8000000 for 9000
 1143 hyphenation exceptions out of 8191
 111i,19n,147p,10609b,3840s stack positions out of 5000i,500n,10000p,200000b,80000s
{C:/Users/Luka/AppData/Roaming/MiKTeX/2.9/fonts/enc/dvips/newtx/ntx-ec-tlf-pc
.enc}{C:/Users/Luka/AppData/Roaming/MiKTeX/2.9/fonts/enc/dvips/newtx/ntx-ec-tlf
.enc}{C:/Users/Luka/AppData/Roaming/MiKTeX/2.9/fonts/enc/dvips/tex-gyre/q-ec.en
c}{C:/Users/Luka/AppData/Roaming/MiKTeX/2.9/fonts/enc/dvips/newtx/ntx-ot1-tlf.e
nc}{C:/Users/Luka/AppData/Roaming/MiKTeX/2.9/fonts/enc/dvips/tex-gyre/q-ts1.enc
}<C:/Users/Luka/AppData/Roaming/MiKTeX/2.9/fonts/type1/public/newtx/NewTXMI.pfb
><C:/Users/Luka/AppData/Roaming/MiKTeX/2.9/fonts/type1/public/newtx/NewTXMI7.pf
b><C:/Users/Luka/AppData/Roaming/MiKTeX/2.9/fonts/type1/public/tex-gyre/qhvb.pf
b><C:/Users/Luka/AppData/Roaming/MiKTeX/2.9/fonts/type1/public/tex-gyre/qhvr.pf
b><C:/Users/Luka/AppData/Roaming/MiKTeX/2.9/fonts/type1/public/tex-gyre/qtmr.pf
b><C:/Users/Luka/AppData/Roaming/MiKTeX/2.9/fonts/type1/public/txfonts/t1xtt.pf
b><C:/Users/Luka/AppData/Roaming/MiKTeX/2.9/fonts/type1/public/newtx/txmiaX.pfb
><C:/Users/Luka/AppData/Roaming/MiKTeX/2.9/fonts/type1/public/newtx/txsys.pfb><
C:/Users/Luka/AppData/Roaming/MiKTeX/2.9/fonts/type1/public/newtx/ztmb.pfb><C:/
Users/Luka/AppData/Roaming/MiKTeX/2.9/fonts/type1/public/newtx/ztmr.pfb><C:/Use
rs/Luka/AppData/Roaming/MiKTeX/2.9/fonts/type1/public/newtx/ztmri.pfb>
Output written on MasterThesis.pdf (15 pages, 273619 bytes).
PDF statistics:
 210 PDF objects out of 1000 (max. 8388607)
 32 named destinations out of 1000 (max. 500000)
 111669 words of extra memory for PDF output out of 128383 (max. 10000000)

